{"C:\\Users\\albin\\dev1112\\stellar-burgers\\src\\index.tsx": {"path":"C:\\Users\\albin\\dev1112\\stellar-burgers\\src\\index.tsx","statementMap":{"0":{"start":{"line":1,"column":0},"end":{"line":1,"column":26}},"1":{"start":{"line":2,"column":0},"end":{"line":2,"column":51}},"2":{"start":{"line":3,"column":0},"end":{"line":3,"column":49}},"3":{"start":{"line":4,"column":0},"end":{"line":4,"column":39}},"4":{"start":{"line":5,"column":0},"end":{"line":5,"column":39}},"5":{"start":{"line":6,"column":0},"end":{"line":6,"column":37}},"6":{"start":{"line":8,"column":18},"end":{"line":8,"column":64}},"7":{"start":{"line":9,"column":13},"end":{"line":9,"column":50}},"8":{"start":{"line":11,"column":0},"end":{"line":19,"column":2}}},"fnMap":{},"branchMap":{},"s":{"0":0,"1":0,"2":0,"3":0,"4":0,"5":0,"6":0,"7":0,"8":0},"f":{},"b":{}}
,"C:\\Users\\albin\\dev1112\\stellar-burgers\\src\\components\\app\\app.tsx": {"path":"C:\\Users\\albin\\dev1112\\stellar-burgers\\src\\components\\app\\app.tsx","statementMap":{"0":{"start":{"line":1,"column":0},"end":{"line":1,"column":75}},"1":{"start":{"line":2,"column":0},"end":{"line":2,"column":null}},"2":{"start":{"line":13,"column":0},"end":{"line":13,"column":77}},"3":{"start":{"line":14,"column":0},"end":{"line":14,"column":64}},"4":{"start":{"line":15,"column":0},"end":{"line":15,"column":null}},"5":{"start":{"line":21,"column":0},"end":{"line":21,"column":58}},"6":{"start":{"line":22,"column":0},"end":{"line":22,"column":34}},"7":{"start":{"line":23,"column":0},"end":{"line":23,"column":38}},"8":{"start":{"line":24,"column":0},"end":{"line":24,"column":52}},"9":{"start":{"line":26,"column":12},"end":{"line":166,"column":1}},"10":{"start":{"line":27,"column":19},"end":{"line":27,"column":32}},"11":{"start":{"line":28,"column":19},"end":{"line":28,"column":32}},"12":{"start":{"line":29,"column":19},"end":{"line":29,"column":32}},"13":{"start":{"line":30,"column":21},"end":{"line":30,"column":47}},"14":{"start":{"line":32,"column":31},"end":{"line":32,"column":68}},"15":{"start":{"line":33,"column":22},"end":{"line":33,"column":52}},"16":{"start":{"line":34,"column":16},"end":{"line":34,"column":51}},"17":{"start":{"line":36,"column":2},"end":{"line":39,"column":17}},"18":{"start":{"line":37,"column":4},"end":{"line":37,"column":31}},"19":{"start":{"line":38,"column":4},"end":{"line":38,"column":24}},"20":{"start":{"line":41,"column":27},"end":{"line":43,"column":3}},"21":{"start":{"line":42,"column":4},"end":{"line":42,"column":17}},"22":{"start":{"line":46,"column":33},"end":{"line":50,"column":3}},"23":{"start":{"line":47,"column":17},"end":{"line":47,"column":34}},"24":{"start":{"line":48,"column":18},"end":{"line":48,"column":40}},"25":{"start":{"line":49,"column":4},"end":{"line":49,"column":33}},"26":{"start":{"line":52,"column":2},"end":{"line":165,"column":4}},"27":{"start":{"line":168,"column":0},"end":{"line":168,"column":19}}},"fnMap":{"0":{"name":"(anonymous_1)","decl":{"start":{"line":26,"column":12},"end":{"line":26,"column":15}},"loc":{"start":{"line":26,"column":17},"end":{"line":166,"column":1}}},"1":{"name":"(anonymous_2)","decl":{"start":{"line":36,"column":12},"end":{"line":36,"column":15}},"loc":{"start":{"line":36,"column":17},"end":{"line":39,"column":3}}},"2":{"name":"(anonymous_3)","decl":{"start":{"line":41,"column":27},"end":{"line":41,"column":30}},"loc":{"start":{"line":41,"column":32},"end":{"line":43,"column":3}}},"3":{"name":"(anonymous_4)","decl":{"start":{"line":46,"column":33},"end":{"line":46,"column":36}},"loc":{"start":{"line":46,"column":38},"end":{"line":50,"column":3}}}},"branchMap":{"0":{"loc":{"start":{"line":30,"column":21},"end":{"line":30,"column":47}},"type":"cond-expr","locations":[{"start":{"line":30,"column":35},"end":{"line":30,"column":37}},{"start":{"line":30,"column":35},"end":{"line":30,"column":47}}]},"1":{"loc":{"start":{"line":30,"column":21},"end":{"line":30,"column":37}},"type":"binary-expr","locations":[{"start":{"line":30,"column":21},"end":{"line":30,"column":37}},{"start":{"line":30,"column":35},"end":{"line":30,"column":37}}]},"2":{"loc":{"start":{"line":49,"column":11},"end":{"line":49,"column":32}},"type":"cond-expr","locations":[{"start":{"line":49,"column":19},"end":{"line":49,"column":27}},{"start":{"line":49,"column":30},"end":{"line":49,"column":32}}]},"3":{"loc":{"start":{"line":55,"column":24},"end":{"line":55,"column":46}},"type":"binary-expr","locations":[{"start":{"line":55,"column":24},"end":{"line":55,"column":34}},{"start":{"line":55,"column":38},"end":{"line":55,"column":46}}]},"4":{"loc":{"start":{"line":128,"column":7},"end":{"line":162,"column":null}},"type":"binary-expr","locations":[{"start":{"line":128,"column":7},"end":{"line":128,"column":17}},{"start":{"line":129,"column":8},"end":{"line":161,"column":null}}]}},"s":{"0":0,"1":0,"2":0,"3":0,"4":0,"5":0,"6":0,"7":0,"8":0,"9":0,"10":0,"11":0,"12":0,"13":0,"14":0,"15":0,"16":0,"17":0,"18":0,"19":0,"20":0,"21":0,"22":0,"23":0,"24":0,"25":0,"26":0,"27":0},"f":{"0":0,"1":0,"2":0,"3":0},"b":{"0":[0,0],"1":[0,0],"2":[0,0],"3":[0,0],"4":[0,0]}}
,"C:\\Users\\albin\\dev1112\\stellar-burgers\\src\\components\\app-header\\app-header.tsx": {"path":"C:\\Users\\albin\\dev1112\\stellar-burgers\\src\\components\\app-header\\app-header.tsx","statementMap":{"0":{"start":{"line":2,"column":0},"end":{"line":2,"column":47}},"1":{"start":{"line":3,"column":0},"end":{"line":3,"column":34}},"2":{"start":{"line":4,"column":0},"end":{"line":4,"column":51}},"3":{"start":{"line":5,"column":0},"end":{"line":5,"column":61}},"4":{"start":{"line":7,"column":29},"end":{"line":13,"column":1}},"5":{"start":{"line":8,"column":19},"end":{"line":8,"column":32}},"6":{"start":{"line":9,"column":15},"end":{"line":9,"column":38}},"7":{"start":{"line":10,"column":19},"end":{"line":10,"column":35}},"8":{"start":{"line":12,"column":2},"end":{"line":12,"column":74}},"9":{"start":{"line":7,"column":13},"end":{"line":7,"column":29}}},"fnMap":{"0":{"name":"(anonymous_0)","decl":{"start":{"line":7,"column":29},"end":{"line":7,"column":32}},"loc":{"start":{"line":7,"column":34},"end":{"line":13,"column":1}}}},"branchMap":{"0":{"loc":{"start":{"line":10,"column":19},"end":{"line":10,"column":35}},"type":"binary-expr","locations":[{"start":{"line":10,"column":19},"end":{"line":10,"column":29}},{"start":{"line":10,"column":33},"end":{"line":10,"column":35}}]},"1":{"loc":{"start":{"line":10,"column":19},"end":{"line":10,"column":29}},"type":"cond-expr","locations":[{"start":{"line":10,"column":23},"end":{"line":10,"column":25}},{"start":{"line":10,"column":19},"end":{"line":10,"column":29}}]},"2":{"loc":{"start":{"line":10,"column":19},"end":{"line":10,"column":25}},"type":"binary-expr","locations":[{"start":{"line":10,"column":19},"end":{"line":10,"column":25}},{"start":{"line":10,"column":19},"end":{"line":10,"column":25}}]}},"s":{"0":0,"1":0,"2":0,"3":0,"4":0,"5":0,"6":0,"7":0,"8":0,"9":0},"f":{"0":0},"b":{"0":[0,0],"1":[0,0],"2":[0,0]}}
,"C:\\Users\\albin\\dev1112\\stellar-burgers\\src\\components\\burger-constructor\\burger-constructor.tsx": {"path":"C:\\Users\\albin\\dev1112\\stellar-burgers\\src\\components\\burger-constructor\\burger-constructor.tsx","statementMap":{"0":{"start":{"line":1,"column":0},"end":{"line":1,"column":36}},"1":{"start":{"line":2,"column":0},"end":{"line":2,"column":47}},"2":{"start":{"line":3,"column":0},"end":{"line":3,"column":42}},"3":{"start":{"line":4,"column":0},"end":{"line":4,"column":64}},"4":{"start":{"line":5,"column":0},"end":{"line":5,"column":75}},"5":{"start":{"line":6,"column":0},"end":{"line":6,"column":76}},"6":{"start":{"line":7,"column":0},"end":{"line":7,"column":61}},"7":{"start":{"line":8,"column":0},"end":{"line":8,"column":62}},"8":{"start":{"line":11,"column":37},"end":{"line":69,"column":1}},"9":{"start":{"line":12,"column":19},"end":{"line":12,"column":32}},"10":{"start":{"line":13,"column":19},"end":{"line":13,"column":32}},"11":{"start":{"line":14,"column":27},"end":{"line":14,"column":57}},"12":{"start":{"line":15,"column":15},"end":{"line":15,"column":38}},"13":{"start":{"line":16,"column":21},"end":{"line":16,"column":45}},"14":{"start":{"line":18,"column":25},"end":{"line":18,"column":50}},"15":{"start":{"line":19,"column":23},"end":{"line":19,"column":53}},"16":{"start":{"line":20,"column":24},"end":{"line":20,"column":46}},"17":{"start":{"line":22,"column":23},"end":{"line":38,"column":3}},"18":{"start":{"line":23,"column":4},"end":{"line":26,"column":5}},"19":{"start":{"line":24,"column":6},"end":{"line":24,"column":25}},"20":{"start":{"line":25,"column":6},"end":{"line":25,"column":13}},"21":{"start":{"line":28,"column":4},"end":{"line":30,"column":5}},"22":{"start":{"line":29,"column":6},"end":{"line":29,"column":13}},"23":{"start":{"line":32,"column":27},"end":{"line":36,"column":6}},"24":{"start":{"line":34,"column":52},"end":{"line":34,"column":60}},"25":{"start":{"line":37,"column":4},"end":{"line":37,"column":42}},"26":{"start":{"line":40,"column":26},"end":{"line":42,"column":3}},"27":{"start":{"line":41,"column":4},"end":{"line":41,"column":27}},"28":{"start":{"line":44,"column":16},"end":{"line":56,"column":24}},"29":{"start":{"line":45,"column":16},"end":{"line":45,"column":17}},"30":{"start":{"line":46,"column":4},"end":{"line":48,"column":5}},"31":{"start":{"line":47,"column":6},"end":{"line":47,"column":46}},"32":{"start":{"line":49,"column":4},"end":{"line":54,"column":5}},"33":{"start":{"line":50,"column":6},"end":{"line":53,"column":8}},"34":{"start":{"line":51,"column":50},"end":{"line":51,"column":61}},"35":{"start":{"line":55,"column":4},"end":{"line":55,"column":17}},"36":{"start":{"line":58,"column":2},"end":{"line":68,"column":4}},"37":{"start":{"line":11,"column":13},"end":{"line":11,"column":37}}},"fnMap":{"0":{"name":"(anonymous_0)","decl":{"start":{"line":11,"column":37},"end":{"line":11,"column":40}},"loc":{"start":{"line":11,"column":42},"end":{"line":69,"column":1}}},"1":{"name":"(anonymous_1)","decl":{"start":{"line":22,"column":23},"end":{"line":22,"column":26}},"loc":{"start":{"line":22,"column":28},"end":{"line":38,"column":3}}},"2":{"name":"(anonymous_2)","decl":{"start":{"line":34,"column":42},"end":{"line":34,"column":43}},"loc":{"start":{"line":34,"column":52},"end":{"line":34,"column":60}}},"3":{"name":"(anonymous_3)","decl":{"start":{"line":40,"column":26},"end":{"line":40,"column":29}},"loc":{"start":{"line":40,"column":31},"end":{"line":42,"column":3}}},"4":{"name":"(anonymous_4)","decl":{"start":{"line":44,"column":24},"end":{"line":44,"column":27}},"loc":{"start":{"line":44,"column":29},"end":{"line":56,"column":3}}},"5":{"name":"(anonymous_5)","decl":{"start":{"line":51,"column":8},"end":{"line":51,"column":9}},"loc":{"start":{"line":51,"column":50},"end":{"line":51,"column":61}}}},"branchMap":{"0":{"loc":{"start":{"line":18,"column":25},"end":{"line":18,"column":50}},"type":"binary-expr","locations":[{"start":{"line":18,"column":25},"end":{"line":18,"column":42}},{"start":{"line":18,"column":46},"end":{"line":18,"column":50}}]},"1":{"loc":{"start":{"line":18,"column":25},"end":{"line":18,"column":42}},"type":"cond-expr","locations":[{"start":{"line":18,"column":35},"end":{"line":18,"column":37}},{"start":{"line":18,"column":25},"end":{"line":18,"column":42}}]},"2":{"loc":{"start":{"line":18,"column":25},"end":{"line":18,"column":37}},"type":"binary-expr","locations":[{"start":{"line":18,"column":25},"end":{"line":18,"column":37}},{"start":{"line":18,"column":25},"end":{"line":18,"column":37}}]},"3":{"loc":{"start":{"line":19,"column":23},"end":{"line":19,"column":53}},"type":"binary-expr","locations":[{"start":{"line":19,"column":23},"end":{"line":19,"column":44}},{"start":{"line":19,"column":48},"end":{"line":19,"column":53}}]},"4":{"loc":{"start":{"line":19,"column":23},"end":{"line":19,"column":44}},"type":"cond-expr","locations":[{"start":{"line":19,"column":33},"end":{"line":19,"column":35}},{"start":{"line":19,"column":23},"end":{"line":19,"column":44}}]},"5":{"loc":{"start":{"line":19,"column":23},"end":{"line":19,"column":35}},"type":"binary-expr","locations":[{"start":{"line":19,"column":23},"end":{"line":19,"column":35}},{"start":{"line":19,"column":23},"end":{"line":19,"column":35}}]},"6":{"loc":{"start":{"line":23,"column":4},"end":{"line":26,"column":5}},"type":"if","locations":[{"start":{"line":23,"column":4},"end":{"line":26,"column":5}}]},"7":{"loc":{"start":{"line":28,"column":4},"end":{"line":30,"column":5}},"type":"if","locations":[{"start":{"line":28,"column":4},"end":{"line":30,"column":5}}]},"8":{"loc":{"start":{"line":46,"column":4},"end":{"line":48,"column":5}},"type":"if","locations":[{"start":{"line":46,"column":4},"end":{"line":48,"column":5}}]},"9":{"loc":{"start":{"line":49,"column":4},"end":{"line":54,"column":5}},"type":"if","locations":[{"start":{"line":49,"column":4},"end":{"line":54,"column":5}}]}},"s":{"0":0,"1":0,"2":0,"3":0,"4":0,"5":0,"6":0,"7":0,"8":0,"9":0,"10":0,"11":0,"12":0,"13":0,"14":0,"15":0,"16":0,"17":0,"18":0,"19":0,"20":0,"21":0,"22":0,"23":0,"24":0,"25":0,"26":0,"27":0,"28":0,"29":0,"30":0,"31":0,"32":0,"33":0,"34":0,"35":0,"36":0,"37":0},"f":{"0":0,"1":0,"2":0,"3":0,"4":0,"5":0},"b":{"0":[0,0],"1":[0,0],"2":[0,0],"3":[0,0],"4":[0,0],"5":[0,0],"6":[0],"7":[0],"8":[0],"9":[0]}}
,"C:\\Users\\albin\\dev1112\\stellar-burgers\\src\\components\\burger-constructor-element\\burger-constructor-element.tsx": {"path":"C:\\Users\\albin\\dev1112\\stellar-burgers\\src\\components\\burger-constructor-element\\burger-constructor-element.tsx","statementMap":{"0":{"start":{"line":1,"column":0},"end":{"line":1,"column":33}},"1":{"start":{"line":2,"column":0},"end":{"line":2,"column":49}},"2":{"start":{"line":4,"column":0},"end":{"line":4,"column":51}},"3":{"start":{"line":5,"column":0},"end":{"line":5,"column":null}},"4":{"start":{"line":11,"column":13},"end":{"line":38,"column":2}},"5":{"start":{"line":13,"column":21},"end":{"line":13,"column":34}},"6":{"start":{"line":15,"column":27},"end":{"line":17,"column":5}},"7":{"start":{"line":16,"column":6},"end":{"line":16,"column":42}},"8":{"start":{"line":19,"column":25},"end":{"line":21,"column":5}},"9":{"start":{"line":20,"column":6},"end":{"line":20,"column":40}},"10":{"start":{"line":23,"column":24},"end":{"line":25,"column":5}},"11":{"start":{"line":24,"column":6},"end":{"line":24,"column":48}},"12":{"start":{"line":27,"column":4},"end":{"line":36,"column":6}}},"fnMap":{"0":{"name":"(anonymous_0)","decl":{"start":{"line":12,"column":2},"end":{"line":12,"column":3}},"loc":{"start":{"line":12,"column":40},"end":{"line":37,"column":3}}},"1":{"name":"(anonymous_1)","decl":{"start":{"line":15,"column":27},"end":{"line":15,"column":30}},"loc":{"start":{"line":15,"column":32},"end":{"line":17,"column":5}}},"2":{"name":"(anonymous_2)","decl":{"start":{"line":19,"column":25},"end":{"line":19,"column":28}},"loc":{"start":{"line":19,"column":30},"end":{"line":21,"column":5}}},"3":{"name":"(anonymous_3)","decl":{"start":{"line":23,"column":24},"end":{"line":23,"column":27}},"loc":{"start":{"line":23,"column":29},"end":{"line":25,"column":5}}}},"branchMap":{},"s":{"0":0,"1":0,"2":0,"3":0,"4":0,"5":0,"6":0,"7":0,"8":0,"9":0,"10":0,"11":0,"12":0},"f":{"0":0,"1":0,"2":0,"3":0},"b":{}}
,"C:\\Users\\albin\\dev1112\\stellar-burgers\\src\\components\\burger-ingredient\\burger-ingredient.tsx": {"path":"C:\\Users\\albin\\dev1112\\stellar-burgers\\src\\components\\burger-ingredient\\burger-ingredient.tsx","statementMap":{"0":{"start":{"line":1,"column":0},"end":{"line":1,"column":33}},"1":{"start":{"line":2,"column":0},"end":{"line":2,"column":47}},"2":{"start":{"line":3,"column":0},"end":{"line":3,"column":41}},"3":{"start":{"line":5,"column":0},"end":{"line":5,"column":51}},"4":{"start":{"line":6,"column":0},"end":{"line":6,"column":71}},"5":{"start":{"line":7,"column":0},"end":{"line":7,"column":36}},"6":{"start":{"line":9,"column":13},"end":{"line":32,"column":2}},"7":{"start":{"line":11,"column":21},"end":{"line":11,"column":34}},"8":{"start":{"line":12,"column":21},"end":{"line":12,"column":34}},"9":{"start":{"line":14,"column":22},"end":{"line":20,"column":5}},"10":{"start":{"line":15,"column":28},"end":{"line":17,"column":null}},"11":{"start":{"line":19,"column":6},"end":{"line":19,"column":48}},"12":{"start":{"line":22,"column":4},"end":{"line":30,"column":6}}},"fnMap":{"0":{"name":"(anonymous_0)","decl":{"start":{"line":10,"column":2},"end":{"line":10,"column":3}},"loc":{"start":{"line":10,"column":28},"end":{"line":31,"column":3}}},"1":{"name":"(anonymous_1)","decl":{"start":{"line":14,"column":22},"end":{"line":14,"column":25}},"loc":{"start":{"line":14,"column":27},"end":{"line":20,"column":5}}}},"branchMap":{},"s":{"0":0,"1":0,"2":0,"3":0,"4":0,"5":0,"6":0,"7":0,"8":0,"9":0,"10":0,"11":0,"12":0},"f":{"0":0,"1":0},"b":{}}
,"C:\\Users\\albin\\dev1112\\stellar-burgers\\src\\components\\burger-ingredients\\burger-ingredients.tsx": {"path":"C:\\Users\\albin\\dev1112\\stellar-burgers\\src\\components\\burger-ingredients\\burger-ingredients.tsx","statementMap":{"0":{"start":{"line":1,"column":0},"end":{"line":1,"column":56}},"1":{"start":{"line":2,"column":0},"end":{"line":2,"column":56}},"2":{"start":{"line":4,"column":0},"end":{"line":4,"column":63}},"3":{"start":{"line":5,"column":0},"end":{"line":5,"column":51}},"4":{"start":{"line":6,"column":0},"end":{"line":6,"column":75}},"5":{"start":{"line":8,"column":37},"end":{"line":65,"column":1}},"6":{"start":{"line":9,"column":22},"end":{"line":9,"column":52}},"7":{"start":{"line":11,"column":15},"end":{"line":11,"column":64}},"8":{"start":{"line":11,"column":44},"end":{"line":11,"column":63}},"9":{"start":{"line":12,"column":16},"end":{"line":12,"column":66}},"10":{"start":{"line":12,"column":45},"end":{"line":12,"column":65}},"11":{"start":{"line":13,"column":17},"end":{"line":13,"column":68}},"12":{"start":{"line":13,"column":46},"end":{"line":13,"column":67}},"13":{"start":{"line":15,"column":38},"end":{"line":15,"column":63}},"14":{"start":{"line":16,"column":22},"end":{"line":16,"column":54}},"15":{"start":{"line":17,"column":23},"end":{"line":17,"column":55}},"16":{"start":{"line":18,"column":25},"end":{"line":18,"column":57}},"17":{"start":{"line":20,"column":32},"end":{"line":22,"column":4}},"18":{"start":{"line":23,"column":36},"end":{"line":25,"column":4}},"19":{"start":{"line":26,"column":36},"end":{"line":28,"column":4}},"20":{"start":{"line":30,"column":2},"end":{"line":38,"column":48}},"21":{"start":{"line":31,"column":4},"end":{"line":37,"column":5}},"22":{"start":{"line":32,"column":6},"end":{"line":32,"column":27}},"23":{"start":{"line":33,"column":11},"end":{"line":37,"column":5}},"24":{"start":{"line":34,"column":6},"end":{"line":34,"column":29}},"25":{"start":{"line":35,"column":11},"end":{"line":37,"column":5}},"26":{"start":{"line":36,"column":6},"end":{"line":36,"column":28}},"27":{"start":{"line":40,"column":21},"end":{"line":48,"column":3}},"28":{"start":{"line":41,"column":4},"end":{"line":41,"column":35}},"29":{"start":{"line":42,"column":4},"end":{"line":43,"column":66}},"30":{"start":{"line":43,"column":6},"end":{"line":43,"column":66}},"31":{"start":{"line":44,"column":4},"end":{"line":45,"column":67}},"32":{"start":{"line":45,"column":6},"end":{"line":45,"column":67}},"33":{"start":{"line":46,"column":4},"end":{"line":47,"column":69}},"34":{"start":{"line":47,"column":6},"end":{"line":47,"column":69}},"35":{"start":{"line":50,"column":2},"end":{"line":64,"column":4}},"36":{"start":{"line":8,"column":13},"end":{"line":8,"column":37}}},"fnMap":{"0":{"name":"(anonymous_0)","decl":{"start":{"line":8,"column":37},"end":{"line":8,"column":40}},"loc":{"start":{"line":8,"column":42},"end":{"line":65,"column":1}}},"1":{"name":"(anonymous_1)","decl":{"start":{"line":11,"column":34},"end":{"line":11,"column":35}},"loc":{"start":{"line":11,"column":44},"end":{"line":11,"column":63}}},"2":{"name":"(anonymous_2)","decl":{"start":{"line":12,"column":35},"end":{"line":12,"column":36}},"loc":{"start":{"line":12,"column":45},"end":{"line":12,"column":65}}},"3":{"name":"(anonymous_3)","decl":{"start":{"line":13,"column":36},"end":{"line":13,"column":37}},"loc":{"start":{"line":13,"column":46},"end":{"line":13,"column":67}}},"4":{"name":"(anonymous_4)","decl":{"start":{"line":30,"column":12},"end":{"line":30,"column":15}},"loc":{"start":{"line":30,"column":17},"end":{"line":38,"column":3}}},"5":{"name":"(anonymous_5)","decl":{"start":{"line":40,"column":21},"end":{"line":40,"column":22}},"loc":{"start":{"line":40,"column":37},"end":{"line":48,"column":3}}}},"branchMap":{"0":{"loc":{"start":{"line":31,"column":4},"end":{"line":37,"column":5}},"type":"if","locations":[{"start":{"line":31,"column":4},"end":{"line":37,"column":5}},{"start":{"line":33,"column":11},"end":{"line":37,"column":5}}]},"1":{"loc":{"start":{"line":33,"column":11},"end":{"line":37,"column":5}},"type":"if","locations":[{"start":{"line":33,"column":11},"end":{"line":37,"column":5}},{"start":{"line":35,"column":11},"end":{"line":37,"column":5}}]},"2":{"loc":{"start":{"line":35,"column":11},"end":{"line":37,"column":5}},"type":"if","locations":[{"start":{"line":35,"column":11},"end":{"line":37,"column":5}}]},"3":{"loc":{"start":{"line":42,"column":4},"end":{"line":43,"column":66}},"type":"if","locations":[{"start":{"line":42,"column":4},"end":{"line":43,"column":66}}]},"4":{"loc":{"start":{"line":43,"column":6},"end":{"line":43,"column":65}},"type":"cond-expr","locations":[{"start":{"line":43,"column":25},"end":{"line":43,"column":27}},{"start":{"line":43,"column":25},"end":{"line":43,"column":65}}]},"5":{"loc":{"start":{"line":43,"column":6},"end":{"line":43,"column":27}},"type":"binary-expr","locations":[{"start":{"line":43,"column":6},"end":{"line":43,"column":27}},{"start":{"line":43,"column":25},"end":{"line":43,"column":27}}]},"6":{"loc":{"start":{"line":44,"column":4},"end":{"line":45,"column":67}},"type":"if","locations":[{"start":{"line":44,"column":4},"end":{"line":45,"column":67}}]},"7":{"loc":{"start":{"line":45,"column":6},"end":{"line":45,"column":66}},"type":"cond-expr","locations":[{"start":{"line":45,"column":26},"end":{"line":45,"column":28}},{"start":{"line":45,"column":26},"end":{"line":45,"column":66}}]},"8":{"loc":{"start":{"line":45,"column":6},"end":{"line":45,"column":28}},"type":"binary-expr","locations":[{"start":{"line":45,"column":6},"end":{"line":45,"column":28}},{"start":{"line":45,"column":26},"end":{"line":45,"column":28}}]},"9":{"loc":{"start":{"line":46,"column":4},"end":{"line":47,"column":69}},"type":"if","locations":[{"start":{"line":46,"column":4},"end":{"line":47,"column":69}}]},"10":{"loc":{"start":{"line":47,"column":6},"end":{"line":47,"column":68}},"type":"cond-expr","locations":[{"start":{"line":47,"column":28},"end":{"line":47,"column":30}},{"start":{"line":47,"column":28},"end":{"line":47,"column":68}}]},"11":{"loc":{"start":{"line":47,"column":6},"end":{"line":47,"column":30}},"type":"binary-expr","locations":[{"start":{"line":47,"column":6},"end":{"line":47,"column":30}},{"start":{"line":47,"column":28},"end":{"line":47,"column":30}}]}},"s":{"0":0,"1":0,"2":0,"3":0,"4":0,"5":0,"6":0,"7":0,"8":0,"9":0,"10":0,"11":0,"12":0,"13":0,"14":0,"15":0,"16":0,"17":0,"18":0,"19":0,"20":0,"21":0,"22":0,"23":0,"24":0,"25":0,"26":0,"27":0,"28":0,"29":0,"30":0,"31":0,"32":0,"33":0,"34":0,"35":0,"36":0},"f":{"0":0,"1":0,"2":0,"3":0,"4":0,"5":0},"b":{"0":[0,0],"1":[0,0],"2":[0],"3":[0],"4":[0,0],"5":[0,0],"6":[0],"7":[0,0],"8":[0,0],"9":[0],"10":[0,0],"11":[0,0]}}
,"C:\\Users\\albin\\dev1112\\stellar-burgers\\src\\components\\feed-info\\feed-info.tsx": {"path":"C:\\Users\\albin\\dev1112\\stellar-burgers\\src\\components\\feed-info\\feed-info.tsx","statementMap":{"0":{"start":{"line":3,"column":0},"end":{"line":3,"column":45}},"1":{"start":{"line":4,"column":0},"end":{"line":4,"column":51}},"2":{"start":{"line":5,"column":0},"end":{"line":5,"column":61}},"3":{"start":{"line":7,"column":18},"end":{"line":11,"column":17}},"4":{"start":{"line":8,"column":2},"end":{"line":11,"column":17}},"5":{"start":{"line":9,"column":22},"end":{"line":9,"column":44}},"6":{"start":{"line":10,"column":19},"end":{"line":10,"column":30}},"7":{"start":{"line":13,"column":28},"end":{"line":27,"column":1}},"8":{"start":{"line":14,"column":15},"end":{"line":14,"column":38}},"9":{"start":{"line":15,"column":17},"end":{"line":15,"column":28}},"10":{"start":{"line":17,"column":22},"end":{"line":17,"column":47}},"11":{"start":{"line":18,"column":24},"end":{"line":18,"column":52}},"12":{"start":{"line":20,"column":2},"end":{"line":26,"column":4}},"13":{"start":{"line":13,"column":13},"end":{"line":13,"column":28}}},"fnMap":{"0":{"name":"(anonymous_0)","decl":{"start":{"line":7,"column":18},"end":{"line":7,"column":19}},"loc":{"start":{"line":8,"column":2},"end":{"line":11,"column":17}}},"1":{"name":"(anonymous_1)","decl":{"start":{"line":9,"column":12},"end":{"line":9,"column":13}},"loc":{"start":{"line":9,"column":22},"end":{"line":9,"column":44}}},"2":{"name":"(anonymous_2)","decl":{"start":{"line":10,"column":9},"end":{"line":10,"column":10}},"loc":{"start":{"line":10,"column":19},"end":{"line":10,"column":30}}},"3":{"name":"(anonymous_3)","decl":{"start":{"line":13,"column":28},"end":{"line":13,"column":31}},"loc":{"start":{"line":13,"column":33},"end":{"line":27,"column":1}}}},"branchMap":{},"s":{"0":0,"1":0,"2":0,"3":0,"4":0,"5":0,"6":0,"7":0,"8":0,"9":0,"10":0,"11":0,"12":0,"13":0},"f":{"0":0,"1":0,"2":0,"3":0},"b":{}}
,"C:\\Users\\albin\\dev1112\\stellar-burgers\\src\\components\\ingredient-details\\ingredient-details.tsx": {"path":"C:\\Users\\albin\\dev1112\\stellar-burgers\\src\\components\\ingredient-details\\ingredient-details.tsx","statementMap":{"0":{"start":{"line":2,"column":0},"end":{"line":2,"column":45}},"1":{"start":{"line":3,"column":0},"end":{"line":3,"column":44}},"2":{"start":{"line":4,"column":0},"end":{"line":4,"column":63}},"3":{"start":{"line":5,"column":0},"end":{"line":5,"column":51}},"4":{"start":{"line":6,"column":0},"end":{"line":6,"column":75}},"5":{"start":{"line":8,"column":37},"end":{"line":18,"column":1}},"6":{"start":{"line":9,"column":17},"end":{"line":9,"column":28}},"7":{"start":{"line":10,"column":22},"end":{"line":10,"column":52}},"8":{"start":{"line":11,"column":25},"end":{"line":11,"column":68}},"9":{"start":{"line":11,"column":52},"end":{"line":11,"column":67}},"10":{"start":{"line":13,"column":2},"end":{"line":15,"column":3}},"11":{"start":{"line":14,"column":4},"end":{"line":14,"column":25}},"12":{"start":{"line":17,"column":2},"end":{"line":17,"column":65}},"13":{"start":{"line":8,"column":13},"end":{"line":8,"column":37}}},"fnMap":{"0":{"name":"(anonymous_0)","decl":{"start":{"line":8,"column":37},"end":{"line":8,"column":40}},"loc":{"start":{"line":8,"column":42},"end":{"line":18,"column":1}}},"1":{"name":"(anonymous_1)","decl":{"start":{"line":11,"column":42},"end":{"line":11,"column":43}},"loc":{"start":{"line":11,"column":52},"end":{"line":11,"column":67}}}},"branchMap":{"0":{"loc":{"start":{"line":13,"column":2},"end":{"line":15,"column":3}},"type":"if","locations":[{"start":{"line":13,"column":2},"end":{"line":15,"column":3}}]}},"s":{"0":0,"1":0,"2":0,"3":0,"4":0,"5":0,"6":0,"7":0,"8":0,"9":0,"10":0,"11":0,"12":0,"13":0},"f":{"0":0,"1":0},"b":{"0":[0]}}
,"C:\\Users\\albin\\dev1112\\stellar-burgers\\src\\components\\ingredients-category\\ingredients-category.tsx": {"path":"C:\\Users\\albin\\dev1112\\stellar-burgers\\src\\components\\ingredients-category\\ingredients-category.tsx","statementMap":{"0":{"start":{"line":1,"column":0},"end":{"line":1,"column":44}},"1":{"start":{"line":4,"column":0},"end":{"line":4,"column":67}},"2":{"start":{"line":5,"column":0},"end":{"line":5,"column":51}},"3":{"start":{"line":6,"column":0},"end":{"line":6,"column":75}},"4":{"start":{"line":8,"column":13},"end":{"line":39,"column":3}},"5":{"start":{"line":12,"column":27},"end":{"line":12,"column":57}},"6":{"start":{"line":14,"column":30},"end":{"line":28,"column":24}},"7":{"start":{"line":15,"column":40},"end":{"line":15,"column":56}},"8":{"start":{"line":16,"column":48},"end":{"line":16,"column":50}},"9":{"start":{"line":18,"column":4},"end":{"line":23,"column":5}},"10":{"start":{"line":19,"column":6},"end":{"line":22,"column":9}},"11":{"start":{"line":20,"column":8},"end":{"line":20,"column":68}},"12":{"start":{"line":20,"column":39},"end":{"line":20,"column":68}},"13":{"start":{"line":21,"column":8},"end":{"line":21,"column":35}},"14":{"start":{"line":25,"column":4},"end":{"line":25,"column":35}},"15":{"start":{"line":25,"column":13},"end":{"line":25,"column":35}},"16":{"start":{"line":27,"column":4},"end":{"line":27,"column":20}},"17":{"start":{"line":30,"column":2},"end":{"line":38,"column":4}}},"fnMap":{"0":{"name":"(anonymous_0)","decl":{"start":{"line":11,"column":2},"end":{"line":11,"column":3}},"loc":{"start":{"line":11,"column":44},"end":{"line":39,"column":1}}},"1":{"name":"(anonymous_1)","decl":{"start":{"line":14,"column":38},"end":{"line":14,"column":41}},"loc":{"start":{"line":14,"column":43},"end":{"line":28,"column":3}}},"2":{"name":"(anonymous_2)","decl":{"start":{"line":19,"column":20},"end":{"line":19,"column":21}},"loc":{"start":{"line":19,"column":48},"end":{"line":22,"column":7}}}},"branchMap":{"0":{"loc":{"start":{"line":18,"column":4},"end":{"line":23,"column":5}},"type":"if","locations":[{"start":{"line":18,"column":4},"end":{"line":23,"column":5}}]},"1":{"loc":{"start":{"line":18,"column":8},"end":{"line":18,"column":33}},"type":"binary-expr","locations":[{"start":{"line":18,"column":8},"end":{"line":18,"column":13}},{"start":{"line":18,"column":17},"end":{"line":18,"column":33}}]},"2":{"loc":{"start":{"line":20,"column":8},"end":{"line":20,"column":68}},"type":"if","locations":[{"start":{"line":20,"column":8},"end":{"line":20,"column":68}}]},"3":{"loc":{"start":{"line":25,"column":4},"end":{"line":25,"column":35}},"type":"if","locations":[{"start":{"line":25,"column":4},"end":{"line":25,"column":35}}]}},"s":{"0":0,"1":0,"2":0,"3":0,"4":0,"5":0,"6":0,"7":0,"8":0,"9":0,"10":0,"11":0,"12":0,"13":0,"14":0,"15":0,"16":0,"17":0},"f":{"0":0,"1":0,"2":0},"b":{"0":[0],"1":[0,0],"2":[0],"3":[0]}}
,"C:\\Users\\albin\\dev1112\\stellar-burgers\\src\\components\\modal\\modal.tsx": {"path":"C:\\Users\\albin\\dev1112\\stellar-burgers\\src\\components\\modal\\modal.tsx","statementMap":{"0":{"start":{"line":1,"column":0},"end":{"line":1,"column":44}},"1":{"start":{"line":2,"column":0},"end":{"line":2,"column":33}},"2":{"start":{"line":5,"column":0},"end":{"line":5,"column":30}},"3":{"start":{"line":7,"column":18},"end":{"line":7,"column":51}},"4":{"start":{"line":9,"column":13},"end":{"line":27,"column":3}},"5":{"start":{"line":10,"column":2},"end":{"line":19,"column":16}},"6":{"start":{"line":11,"column":22},"end":{"line":13,"column":5}},"7":{"start":{"line":12,"column":6},"end":{"line":12,"column":38}},"8":{"start":{"line":15,"column":4},"end":{"line":15,"column":52}},"9":{"start":{"line":16,"column":4},"end":{"line":18,"column":6}},"10":{"start":{"line":17,"column":6},"end":{"line":17,"column":57}},"11":{"start":{"line":21,"column":2},"end":{"line":26,"column":4}}},"fnMap":{"0":{"name":"(anonymous_1)","decl":{"start":{"line":9,"column":43},"end":{"line":9,"column":44}},"loc":{"start":{"line":9,"column":76},"end":{"line":27,"column":1}}},"1":{"name":"(anonymous_2)","decl":{"start":{"line":10,"column":12},"end":{"line":10,"column":15}},"loc":{"start":{"line":10,"column":17},"end":{"line":19,"column":3}}},"2":{"name":"(anonymous_3)","decl":{"start":{"line":11,"column":22},"end":{"line":11,"column":23}},"loc":{"start":{"line":11,"column":43},"end":{"line":13,"column":5}}},"3":{"name":"(anonymous_4)","decl":{"start":{"line":16,"column":11},"end":{"line":16,"column":14}},"loc":{"start":{"line":16,"column":16},"end":{"line":18,"column":5}}}},"branchMap":{"0":{"loc":{"start":{"line":12,"column":6},"end":{"line":12,"column":37}},"type":"binary-expr","locations":[{"start":{"line":12,"column":6},"end":{"line":12,"column":24}},{"start":{"line":12,"column":28},"end":{"line":12,"column":37}}]}},"s":{"0":0,"1":0,"2":0,"3":0,"4":0,"5":0,"6":0,"7":0,"8":0,"9":0,"10":0,"11":0},"f":{"0":0,"1":0,"2":0,"3":0},"b":{"0":[0,0]}}
,"C:\\Users\\albin\\dev1112\\stellar-burgers\\src\\components\\order-card\\order-card.tsx": {"path":"C:\\Users\\albin\\dev1112\\stellar-burgers\\src\\components\\order-card\\order-card.tsx","statementMap":{"0":{"start":{"line":1,"column":0},"end":{"line":1,"column":42}},"1":{"start":{"line":2,"column":0},"end":{"line":2,"column":47}},"2":{"start":{"line":5,"column":0},"end":{"line":5,"column":47}},"3":{"start":{"line":6,"column":0},"end":{"line":6,"column":51}},"4":{"start":{"line":7,"column":0},"end":{"line":7,"column":75}},"5":{"start":{"line":9,"column":23},"end":{"line":9,"column":24}},"6":{"start":{"line":11,"column":13},"end":{"line":56,"column":3}},"7":{"start":{"line":12,"column":19},"end":{"line":12,"column":32}},"8":{"start":{"line":13,"column":22},"end":{"line":13,"column":58}},"9":{"start":{"line":15,"column":20},"end":{"line":45,"column":26}},"10":{"start":{"line":16,"column":4},"end":{"line":16,"column":41}},"11":{"start":{"line":16,"column":29},"end":{"line":16,"column":41}},"12":{"start":{"line":18,"column":28},"end":{"line":24,"column":null}},"13":{"start":{"line":20,"column":27},"end":{"line":20,"column":70}},"14":{"start":{"line":20,"column":53},"end":{"line":20,"column":69}},"15":{"start":{"line":21,"column":8},"end":{"line":21,"column":52}},"16":{"start":{"line":21,"column":24},"end":{"line":21,"column":52}},"17":{"start":{"line":22,"column":8},"end":{"line":22,"column":19}},"18":{"start":{"line":27,"column":18},"end":{"line":27,"column":76}},"19":{"start":{"line":27,"column":56},"end":{"line":27,"column":72}},"20":{"start":{"line":29,"column":30},"end":{"line":29,"column":70}},"21":{"start":{"line":32,"column":6},"end":{"line":34,"column":11}},"22":{"start":{"line":36,"column":17},"end":{"line":36,"column":42}},"23":{"start":{"line":37,"column":4},"end":{"line":43,"column":null}},"24":{"start":{"line":47,"column":2},"end":{"line":47,"column":30}},"25":{"start":{"line":47,"column":18},"end":{"line":47,"column":30}},"26":{"start":{"line":49,"column":2},"end":{"line":55,"column":4}}},"fnMap":{"0":{"name":"(anonymous_0)","decl":{"start":{"line":11,"column":50},"end":{"line":11,"column":51}},"loc":{"start":{"line":11,"column":64},"end":{"line":56,"column":1}}},"1":{"name":"(anonymous_1)","decl":{"start":{"line":15,"column":28},"end":{"line":15,"column":31}},"loc":{"start":{"line":15,"column":33},"end":{"line":45,"column":3}}},"2":{"name":"(anonymous_2)","decl":{"start":{"line":19,"column":6},"end":{"line":19,"column":7}},"loc":{"start":{"line":19,"column":43},"end":{"line":23,"column":7}}},"3":{"name":"(anonymous_3)","decl":{"start":{"line":20,"column":44},"end":{"line":20,"column":45}},"loc":{"start":{"line":20,"column":53},"end":{"line":20,"column":69}}},"4":{"name":"(anonymous_4)","decl":{"start":{"line":27,"column":41},"end":{"line":27,"column":42}},"loc":{"start":{"line":27,"column":56},"end":{"line":27,"column":72}}}},"branchMap":{"0":{"loc":{"start":{"line":13,"column":22},"end":{"line":13,"column":58}},"type":"binary-expr","locations":[{"start":{"line":13,"column":22},"end":{"line":13,"column":52}},{"start":{"line":13,"column":56},"end":{"line":13,"column":58}}]},"1":{"loc":{"start":{"line":16,"column":4},"end":{"line":16,"column":41}},"type":"if","locations":[{"start":{"line":16,"column":4},"end":{"line":16,"column":41}}]},"2":{"loc":{"start":{"line":21,"column":8},"end":{"line":21,"column":52}},"type":"if","locations":[{"start":{"line":21,"column":8},"end":{"line":21,"column":52}}]},"3":{"loc":{"start":{"line":32,"column":6},"end":{"line":34,"column":11}},"type":"cond-expr","locations":[{"start":{"line":33,"column":10},"end":{"line":33,"column":49}},{"start":{"line":34,"column":10},"end":{"line":34,"column":11}}]},"4":{"loc":{"start":{"line":47,"column":2},"end":{"line":47,"column":30}},"type":"if","locations":[{"start":{"line":47,"column":2},"end":{"line":47,"column":30}}]}},"s":{"0":0,"1":0,"2":0,"3":0,"4":0,"5":0,"6":0,"7":0,"8":0,"9":0,"10":0,"11":0,"12":0,"13":0,"14":0,"15":0,"16":0,"17":0,"18":0,"19":0,"20":0,"21":0,"22":0,"23":0,"24":0,"25":0,"26":0},"f":{"0":0,"1":0,"2":0,"3":0,"4":0},"b":{"0":[0,0],"1":[0],"2":[0],"3":[0,0],"4":[0]}}
,"C:\\Users\\albin\\dev1112\\stellar-burgers\\src\\components\\order-info\\order-info.tsx": {"path":"C:\\Users\\albin\\dev1112\\stellar-burgers\\src\\components\\order-info\\order-info.tsx","statementMap":{"0":{"start":{"line":1,"column":0},"end":{"line":1,"column":47}},"1":{"start":{"line":2,"column":0},"end":{"line":2,"column":45}},"2":{"start":{"line":3,"column":0},"end":{"line":3,"column":44}},"3":{"start":{"line":4,"column":0},"end":{"line":4,"column":47}},"4":{"start":{"line":6,"column":0},"end":{"line":6,"column":64}},"5":{"start":{"line":7,"column":0},"end":{"line":7,"column":75}},"6":{"start":{"line":8,"column":0},"end":{"line":8,"column":72}},"7":{"start":{"line":9,"column":0},"end":{"line":9,"column":71}},"8":{"start":{"line":11,"column":29},"end":{"line":69,"column":1}},"9":{"start":{"line":12,"column":21},"end":{"line":12,"column":52}},"10":{"start":{"line":13,"column":19},"end":{"line":13,"column":32}},"11":{"start":{"line":14,"column":22},"end":{"line":14,"column":58}},"12":{"start":{"line":15,"column":25},"end":{"line":15,"column":53}},"13":{"start":{"line":17,"column":20},"end":{"line":17,"column":49}},"14":{"start":{"line":18,"column":20},"end":{"line":18,"column":54}},"15":{"start":{"line":20,"column":2},"end":{"line":24,"column":25}},"16":{"start":{"line":21,"column":4},"end":{"line":23,"column":5}},"17":{"start":{"line":22,"column":6},"end":{"line":22,"column":49}},"18":{"start":{"line":26,"column":20},"end":{"line":62,"column":30}},"19":{"start":{"line":27,"column":4},"end":{"line":27,"column":55}},"20":{"start":{"line":27,"column":43},"end":{"line":27,"column":55}},"21":{"start":{"line":29,"column":17},"end":{"line":29,"column":46}},"22":{"start":{"line":33,"column":28},"end":{"line":48,"column":null}},"23":{"start":{"line":35,"column":8},"end":{"line":45,"column":9}},"24":{"start":{"line":36,"column":29},"end":{"line":36,"column":72}},"25":{"start":{"line":36,"column":55},"end":{"line":36,"column":71}},"26":{"start":{"line":37,"column":10},"end":{"line":42,"column":11}},"27":{"start":{"line":38,"column":12},"end":{"line":41,"column":14}},"28":{"start":{"line":44,"column":10},"end":{"line":44,"column":28}},"29":{"start":{"line":46,"column":8},"end":{"line":46,"column":19}},"30":{"start":{"line":51,"column":18},"end":{"line":53,"column":null}},"31":{"start":{"line":52,"column":29},"end":{"line":52,"column":58}},"32":{"start":{"line":56,"column":4},"end":{"line":60,"column":null}},"33":{"start":{"line":64,"column":2},"end":{"line":66,"column":3}},"34":{"start":{"line":65,"column":4},"end":{"line":65,"column":25}},"35":{"start":{"line":68,"column":2},"end":{"line":68,"column":47}},"36":{"start":{"line":11,"column":13},"end":{"line":11,"column":29}}},"fnMap":{"0":{"name":"(anonymous_0)","decl":{"start":{"line":11,"column":29},"end":{"line":11,"column":32}},"loc":{"start":{"line":11,"column":34},"end":{"line":69,"column":1}}},"1":{"name":"(anonymous_1)","decl":{"start":{"line":20,"column":12},"end":{"line":20,"column":15}},"loc":{"start":{"line":20,"column":17},"end":{"line":24,"column":3}}},"2":{"name":"(anonymous_2)","decl":{"start":{"line":26,"column":28},"end":{"line":26,"column":31}},"loc":{"start":{"line":26,"column":33},"end":{"line":62,"column":3}}},"3":{"name":"(anonymous_3)","decl":{"start":{"line":34,"column":6},"end":{"line":34,"column":7}},"loc":{"start":{"line":34,"column":51},"end":{"line":47,"column":7}}},"4":{"name":"(anonymous_4)","decl":{"start":{"line":36,"column":46},"end":{"line":36,"column":47}},"loc":{"start":{"line":36,"column":55},"end":{"line":36,"column":71}}},"5":{"name":"(anonymous_5)","decl":{"start":{"line":52,"column":6},"end":{"line":52,"column":7}},"loc":{"start":{"line":52,"column":29},"end":{"line":52,"column":58}}}},"branchMap":{"0":{"loc":{"start":{"line":14,"column":22},"end":{"line":14,"column":58}},"type":"binary-expr","locations":[{"start":{"line":14,"column":22},"end":{"line":14,"column":52}},{"start":{"line":14,"column":56},"end":{"line":14,"column":58}}]},"1":{"loc":{"start":{"line":17,"column":20},"end":{"line":17,"column":49}},"type":"binary-expr","locations":[{"start":{"line":17,"column":20},"end":{"line":17,"column":41}},{"start":{"line":17,"column":45},"end":{"line":17,"column":49}}]},"2":{"loc":{"start":{"line":17,"column":20},"end":{"line":17,"column":41}},"type":"cond-expr","locations":[{"start":{"line":17,"column":34},"end":{"line":17,"column":36}},{"start":{"line":17,"column":20},"end":{"line":17,"column":41}}]},"3":{"loc":{"start":{"line":17,"column":20},"end":{"line":17,"column":36}},"type":"binary-expr","locations":[{"start":{"line":17,"column":20},"end":{"line":17,"column":36}},{"start":{"line":17,"column":20},"end":{"line":17,"column":36}}]},"4":{"loc":{"start":{"line":18,"column":20},"end":{"line":18,"column":54}},"type":"binary-expr","locations":[{"start":{"line":18,"column":20},"end":{"line":18,"column":45}},{"start":{"line":18,"column":49},"end":{"line":18,"column":54}}]},"5":{"loc":{"start":{"line":18,"column":20},"end":{"line":18,"column":45}},"type":"cond-expr","locations":[{"start":{"line":18,"column":34},"end":{"line":18,"column":36}},{"start":{"line":18,"column":20},"end":{"line":18,"column":45}}]},"6":{"loc":{"start":{"line":18,"column":20},"end":{"line":18,"column":36}},"type":"binary-expr","locations":[{"start":{"line":18,"column":20},"end":{"line":18,"column":36}},{"start":{"line":18,"column":20},"end":{"line":18,"column":36}}]},"7":{"loc":{"start":{"line":21,"column":4},"end":{"line":23,"column":5}},"type":"if","locations":[{"start":{"line":21,"column":4},"end":{"line":23,"column":5}}]},"8":{"loc":{"start":{"line":27,"column":4},"end":{"line":27,"column":55}},"type":"if","locations":[{"start":{"line":27,"column":4},"end":{"line":27,"column":55}}]},"9":{"loc":{"start":{"line":27,"column":8},"end":{"line":27,"column":41}},"type":"binary-expr","locations":[{"start":{"line":27,"column":8},"end":{"line":27,"column":18}},{"start":{"line":27,"column":22},"end":{"line":27,"column":41}}]},"10":{"loc":{"start":{"line":35,"column":8},"end":{"line":45,"column":9}},"type":"if","locations":[{"start":{"line":35,"column":8},"end":{"line":45,"column":9}},{"start":{"line":43,"column":15},"end":{"line":45,"column":9}}]},"11":{"loc":{"start":{"line":37,"column":10},"end":{"line":42,"column":11}},"type":"if","locations":[{"start":{"line":37,"column":10},"end":{"line":42,"column":11}}]},"12":{"loc":{"start":{"line":64,"column":2},"end":{"line":66,"column":3}},"type":"if","locations":[{"start":{"line":64,"column":2},"end":{"line":66,"column":3}}]},"13":{"loc":{"start":{"line":64,"column":6},"end":{"line":64,"column":29}},"type":"binary-expr","locations":[{"start":{"line":64,"column":6},"end":{"line":64,"column":15}},{"start":{"line":64,"column":19},"end":{"line":64,"column":29}}]}},"s":{"0":0,"1":0,"2":0,"3":0,"4":0,"5":0,"6":0,"7":0,"8":0,"9":0,"10":0,"11":0,"12":0,"13":0,"14":0,"15":0,"16":0,"17":0,"18":0,"19":0,"20":0,"21":0,"22":0,"23":0,"24":0,"25":0,"26":0,"27":0,"28":0,"29":0,"30":0,"31":0,"32":0,"33":0,"34":0,"35":0,"36":0},"f":{"0":0,"1":0,"2":0,"3":0,"4":0,"5":0},"b":{"0":[0,0],"1":[0,0],"2":[0,0],"3":[0,0],"4":[0,0],"5":[0,0],"6":[0,0],"7":[0],"8":[0],"9":[0,0],"10":[0,0],"11":[0],"12":[0],"13":[0,0]}}
,"C:\\Users\\albin\\dev1112\\stellar-burgers\\src\\components\\order-status\\order-status.tsx": {"path":"C:\\Users\\albin\\dev1112\\stellar-burgers\\src\\components\\order-status\\order-status.tsx","statementMap":{"0":{"start":{"line":3,"column":0},"end":{"line":3,"column":36}},"1":{"start":{"line":5,"column":46},"end":{"line":9,"column":2}},"2":{"start":{"line":11,"column":49},"end":{"line":25,"column":1}},"3":{"start":{"line":12,"column":18},"end":{"line":12,"column":20}},"4":{"start":{"line":13,"column":2},"end":{"line":22,"column":3}},"5":{"start":{"line":15,"column":6},"end":{"line":15,"column":28}},"6":{"start":{"line":16,"column":6},"end":{"line":16,"column":12}},"7":{"start":{"line":18,"column":6},"end":{"line":18,"column":28}},"8":{"start":{"line":19,"column":6},"end":{"line":19,"column":12}},"9":{"start":{"line":21,"column":6},"end":{"line":21,"column":28}},"10":{"start":{"line":24,"column":2},"end":{"line":24,"column":75}},"11":{"start":{"line":11,"column":13},"end":{"line":11,"column":49}}},"fnMap":{"0":{"name":"(anonymous_0)","decl":{"start":{"line":11,"column":49},"end":{"line":11,"column":50}},"loc":{"start":{"line":11,"column":64},"end":{"line":25,"column":1}}}},"branchMap":{"0":{"loc":{"start":{"line":13,"column":2},"end":{"line":22,"column":3}},"type":"switch","locations":[{"start":{"line":14,"column":4},"end":{"line":16,"column":12}},{"start":{"line":17,"column":4},"end":{"line":19,"column":12}},{"start":{"line":20,"column":4},"end":{"line":21,"column":28}}]}},"s":{"0":0,"1":0,"2":0,"3":0,"4":0,"5":0,"6":0,"7":0,"8":0,"9":0,"10":0,"11":0},"f":{"0":0},"b":{"0":[0,0,0]}}
,"C:\\Users\\albin\\dev1112\\stellar-burgers\\src\\components\\orders-list\\orders-list.tsx": {"path":"C:\\Users\\albin\\dev1112\\stellar-burgers\\src\\components\\orders-list\\orders-list.tsx","statementMap":{"0":{"start":{"line":1,"column":0},"end":{"line":1,"column":33}},"1":{"start":{"line":4,"column":0},"end":{"line":4,"column":35}},"2":{"start":{"line":6,"column":13},"end":{"line":12,"column":3}},"3":{"start":{"line":7,"column":22},"end":{"line":8,"column":null}},"4":{"start":{"line":8,"column":14},"end":{"line":8,"column":79}},"5":{"start":{"line":11,"column":2},"end":{"line":11,"column":52}}},"fnMap":{"0":{"name":"(anonymous_0)","decl":{"start":{"line":6,"column":52},"end":{"line":6,"column":53}},"loc":{"start":{"line":6,"column":67},"end":{"line":12,"column":1}}},"1":{"name":"(anonymous_1)","decl":{"start":{"line":8,"column":4},"end":{"line":8,"column":5}},"loc":{"start":{"line":8,"column":14},"end":{"line":8,"column":79}}}},"branchMap":{},"s":{"0":0,"1":0,"2":0,"3":0,"4":0,"5":0},"f":{"0":0,"1":0},"b":{}}
,"C:\\Users\\albin\\dev1112\\stellar-burgers\\src\\components\\profile-menu\\profile-menu.tsx": {"path":"C:\\Users\\albin\\dev1112\\stellar-burgers\\src\\components\\profile-menu\\profile-menu.tsx","statementMap":{"0":{"start":{"line":2,"column":0},"end":{"line":2,"column":60}},"1":{"start":{"line":3,"column":0},"end":{"line":3,"column":36}},"2":{"start":{"line":4,"column":0},"end":{"line":4,"column":51}},"3":{"start":{"line":5,"column":0},"end":{"line":5,"column":61}},"4":{"start":{"line":7,"column":31},"end":{"line":18,"column":1}},"5":{"start":{"line":8,"column":23},"end":{"line":8,"column":36}},"6":{"start":{"line":9,"column":19},"end":{"line":9,"column":32}},"7":{"start":{"line":10,"column":19},"end":{"line":10,"column":32}},"8":{"start":{"line":12,"column":23},"end":{"line":15,"column":4}},"9":{"start":{"line":12,"column":34},"end":{"line":15,"column":4}},"10":{"start":{"line":13,"column":4},"end":{"line":13,"column":33}},"11":{"start":{"line":14,"column":4},"end":{"line":14,"column":23}},"12":{"start":{"line":17,"column":2},"end":{"line":17,"column":75}},"13":{"start":{"line":7,"column":13},"end":{"line":7,"column":31}}},"fnMap":{"0":{"name":"(anonymous_7)","decl":{"start":{"line":7,"column":31},"end":{"line":7,"column":34}},"loc":{"start":{"line":7,"column":36},"end":{"line":18,"column":1}}},"1":{"name":"(anonymous_8)","decl":{"start":{"line":12,"column":23},"end":{"line":12,"column":32}},"loc":{"start":{"line":12,"column":34},"end":{"line":15,"column":4}}},"2":{"name":"(anonymous_9)","decl":{"start":{"line":12,"column":34},"end":{"line":12,"column":null}},"loc":{"start":{"line":12,"column":34},"end":{"line":15,"column":3}}}},"branchMap":{},"s":{"0":0,"1":0,"2":0,"3":0,"4":0,"5":0,"6":0,"7":0,"8":0,"9":0,"10":0,"11":0,"12":0,"13":0},"f":{"0":0,"1":0,"2":0},"b":{}}
,"C:\\Users\\albin\\dev1112\\stellar-burgers\\src\\components\\protected-route\\protected-route.tsx": {"path":"C:\\Users\\albin\\dev1112\\stellar-burgers\\src\\components\\protected-route\\protected-route.tsx","statementMap":{"0":{"start":{"line":2,"column":0},"end":{"line":2,"column":57}},"1":{"start":{"line":3,"column":0},"end":{"line":3,"column":51}},"2":{"start":{"line":4,"column":0},"end":{"line":4,"column":null}},"3":{"start":{"line":8,"column":0},"end":{"line":8,"column":32}},"4":{"start":{"line":15,"column":30},"end":{"line":37,"column":1}},"5":{"start":{"line":19,"column":19},"end":{"line":19,"column":32}},"6":{"start":{"line":20,"column":15},"end":{"line":20,"column":38}},"7":{"start":{"line":21,"column":24},"end":{"line":21,"column":56}},"8":{"start":{"line":23,"column":2},"end":{"line":25,"column":3}},"9":{"start":{"line":24,"column":4},"end":{"line":24,"column":25}},"10":{"start":{"line":27,"column":2},"end":{"line":29,"column":3}},"11":{"start":{"line":28,"column":4},"end":{"line":28,"column":71}},"12":{"start":{"line":31,"column":2},"end":{"line":34,"column":3}},"13":{"start":{"line":32,"column":17},"end":{"line":32,"column":44}},"14":{"start":{"line":33,"column":4},"end":{"line":33,"column":42}},"15":{"start":{"line":36,"column":2},"end":{"line":36,"column":25}},"16":{"start":{"line":15,"column":13},"end":{"line":15,"column":30}}},"fnMap":{"0":{"name":"(anonymous_0)","decl":{"start":{"line":15,"column":30},"end":{"line":15,"column":31}},"loc":{"start":{"line":18,"column":26},"end":{"line":37,"column":1}}}},"branchMap":{"0":{"loc":{"start":{"line":17,"column":2},"end":{"line":17,"column":20}},"type":"default-arg","locations":[{"start":{"line":17,"column":15},"end":{"line":17,"column":20}}]},"1":{"loc":{"start":{"line":23,"column":2},"end":{"line":25,"column":3}},"type":"if","locations":[{"start":{"line":23,"column":2},"end":{"line":25,"column":3}}]},"2":{"loc":{"start":{"line":27,"column":2},"end":{"line":29,"column":3}},"type":"if","locations":[{"start":{"line":27,"column":2},"end":{"line":29,"column":3}}]},"3":{"loc":{"start":{"line":27,"column":6},"end":{"line":27,"column":26}},"type":"binary-expr","locations":[{"start":{"line":27,"column":6},"end":{"line":27,"column":17}},{"start":{"line":27,"column":21},"end":{"line":27,"column":26}}]},"4":{"loc":{"start":{"line":31,"column":2},"end":{"line":34,"column":3}},"type":"if","locations":[{"start":{"line":31,"column":2},"end":{"line":34,"column":3}}]},"5":{"loc":{"start":{"line":31,"column":6},"end":{"line":31,"column":24}},"type":"binary-expr","locations":[{"start":{"line":31,"column":6},"end":{"line":31,"column":16}},{"start":{"line":31,"column":20},"end":{"line":31,"column":24}}]},"6":{"loc":{"start":{"line":32,"column":17},"end":{"line":32,"column":44}},"type":"binary-expr","locations":[{"start":{"line":32,"column":17},"end":{"line":32,"column":37}},{"start":{"line":32,"column":41},"end":{"line":32,"column":44}}]},"7":{"loc":{"start":{"line":32,"column":17},"end":{"line":32,"column":37}},"type":"cond-expr","locations":[{"start":{"line":32,"column":31},"end":{"line":32,"column":33}},{"start":{"line":32,"column":31},"end":{"line":32,"column":37}}]},"8":{"loc":{"start":{"line":32,"column":17},"end":{"line":32,"column":33}},"type":"binary-expr","locations":[{"start":{"line":32,"column":17},"end":{"line":32,"column":33}},{"start":{"line":32,"column":31},"end":{"line":32,"column":33}}]}},"s":{"0":0,"1":0,"2":0,"3":0,"4":0,"5":0,"6":0,"7":0,"8":0,"9":0,"10":0,"11":0,"12":0,"13":0,"14":0,"15":0,"16":0},"f":{"0":0},"b":{"0":[0],"1":[0],"2":[0],"3":[0,0],"4":[0],"5":[0,0],"6":[0,0],"7":[0,0],"8":[0,0]}}
,"C:\\Users\\albin\\dev1112\\stellar-burgers\\src\\components\\ui\\app-header\\app-header.tsx": {"path":"C:\\Users\\albin\\dev1112\\stellar-burgers\\src\\components\\ui\\app-header\\app-header.tsx","statementMap":{"0":{"start":{"line":2,"column":0},"end":{"line":2,"column":43}},"1":{"start":{"line":3,"column":0},"end":{"line":3,"column":45}},"2":{"start":{"line":5,"column":0},"end":{"line":5,"column":null}},"3":{"start":{"line":12,"column":50},"end":{"line":64,"column":null}},"4":{"start":{"line":13,"column":2},"end":{"line":63,"column":null}},"5":{"start":{"line":19,"column":12},"end":{"line":21,"column":14}},"6":{"start":{"line":30,"column":12},"end":{"line":32,"column":14}},"7":{"start":{"line":50,"column":12},"end":{"line":52,"column":14}},"8":{"start":{"line":12,"column":13},"end":{"line":12,"column":50}}},"fnMap":{"0":{"name":"(anonymous_1)","decl":{"start":{"line":12,"column":50},"end":{"line":12,"column":51}},"loc":{"start":{"line":13,"column":2},"end":{"line":63,"column":null}}},"1":{"name":"(anonymous_2)","decl":{"start":{"line":18,"column":21},"end":{"line":18,"column":22}},"loc":{"start":{"line":19,"column":12},"end":{"line":21,"column":14}}},"2":{"name":"(anonymous_3)","decl":{"start":{"line":29,"column":21},"end":{"line":29,"column":22}},"loc":{"start":{"line":30,"column":12},"end":{"line":32,"column":14}}},"3":{"name":"(anonymous_4)","decl":{"start":{"line":49,"column":21},"end":{"line":49,"column":22}},"loc":{"start":{"line":50,"column":12},"end":{"line":52,"column":14}}}},"branchMap":{"0":{"loc":{"start":{"line":20,"column":14},"end":{"line":20,"column":null}},"type":"cond-expr","locations":[{"start":{"line":20,"column":25},"end":{"line":20,"column":43}},{"start":{"line":20,"column":46},"end":{"line":20,"column":null}}]},"1":{"loc":{"start":{"line":24,"column":28},"end":{"line":24,"column":70}},"type":"cond-expr","locations":[{"start":{"line":24,"column":47},"end":{"line":24,"column":56}},{"start":{"line":24,"column":59},"end":{"line":24,"column":70}}]},"2":{"loc":{"start":{"line":31,"column":14},"end":{"line":31,"column":null}},"type":"cond-expr","locations":[{"start":{"line":31,"column":25},"end":{"line":31,"column":43}},{"start":{"line":31,"column":46},"end":{"line":31,"column":null}}]},"3":{"loc":{"start":{"line":36,"column":18},"end":{"line":36,"column":72}},"type":"cond-expr","locations":[{"start":{"line":36,"column":49},"end":{"line":36,"column":58}},{"start":{"line":36,"column":61},"end":{"line":36,"column":72}}]},"4":{"loc":{"start":{"line":51,"column":14},"end":{"line":51,"column":null}},"type":"cond-expr","locations":[{"start":{"line":51,"column":25},"end":{"line":51,"column":43}},{"start":{"line":51,"column":46},"end":{"line":51,"column":null}}]},"5":{"loc":{"start":{"line":56,"column":18},"end":{"line":56,"column":75}},"type":"cond-expr","locations":[{"start":{"line":56,"column":52},"end":{"line":56,"column":61}},{"start":{"line":56,"column":64},"end":{"line":56,"column":75}}]},"6":{"loc":{"start":{"line":59,"column":13},"end":{"line":59,"column":41}},"type":"binary-expr","locations":[{"start":{"line":59,"column":13},"end":{"line":59,"column":21}},{"start":{"line":59,"column":25},"end":{"line":59,"column":41}}]}},"s":{"0":0,"1":0,"2":0,"3":0,"4":0,"5":0,"6":0,"7":0,"8":0},"f":{"0":0,"1":0,"2":0,"3":0},"b":{"0":[0,0],"1":[0,0],"2":[0,0],"3":[0,0],"4":[0,0],"5":[0,0],"6":[0,0]}}
,"C:\\Users\\albin\\dev1112\\stellar-burgers\\src\\components\\ui\\burger-constructor\\burger-constructor.tsx": {"path":"C:\\Users\\albin\\dev1112\\stellar-burgers\\src\\components\\ui\\burger-constructor\\burger-constructor.tsx","statementMap":{"0":{"start":{"line":2,"column":0},"end":{"line":2,"column":null}},"1":{"start":{"line":7,"column":0},"end":{"line":7,"column":53}},"2":{"start":{"line":10,"column":0},"end":{"line":10,"column":62}},"3":{"start":{"line":11,"column":0},"end":{"line":11,"column":48}},"4":{"start":{"line":13,"column":65},"end":{"line":110,"column":null}},"5":{"start":{"line":22,"column":2},"end":{"line":109,"column":null}},"6":{"start":{"line":47,"column":12},"end":{"line":51,"column":null}},"7":{"start":{"line":13,"column":13},"end":{"line":13,"column":65}}},"fnMap":{"0":{"name":"(anonymous_1)","decl":{"start":{"line":13,"column":65},"end":{"line":13,"column":66}},"loc":{"start":{"line":22,"column":2},"end":{"line":109,"column":null}}},"1":{"name":"(anonymous_2)","decl":{"start":{"line":46,"column":10},"end":{"line":46,"column":11}},"loc":{"start":{"line":47,"column":12},"end":{"line":51,"column":null}}}},"branchMap":{"0":{"loc":{"start":{"line":26,"column":5},"end":{"line":41,"column":null}},"type":"cond-expr","locations":[{"start":{"line":27,"column":6},"end":{"line":34,"column":null}},{"start":{"line":37,"column":6},"end":{"line":38,"column":null}}]},"1":{"loc":{"start":{"line":44,"column":7},"end":{"line":60,"column":null}},"type":"cond-expr","locations":[{"start":{"line":45,"column":8},"end":{"line":53,"column":null}},{"start":{"line":56,"column":8},"end":{"line":57,"column":null}}]},"2":{"loc":{"start":{"line":63,"column":5},"end":{"line":78,"column":null}},"type":"cond-expr","locations":[{"start":{"line":64,"column":6},"end":{"line":71,"column":null}},{"start":{"line":74,"column":6},"end":{"line":75,"column":null}}]},"3":{"loc":{"start":{"line":96,"column":5},"end":{"line":99,"column":null}},"type":"binary-expr","locations":[{"start":{"line":96,"column":5},"end":{"line":96,"column":17}},{"start":{"line":97,"column":6},"end":{"line":98,"column":null}}]},"4":{"loc":{"start":{"line":102,"column":5},"end":{"line":108,"column":null}},"type":"binary-expr","locations":[{"start":{"line":102,"column":5},"end":{"line":102,"column":19}},{"start":{"line":103,"column":6},"end":{"line":107,"column":null}}]},"5":{"loc":{"start":{"line":105,"column":15},"end":{"line":105,"column":55}},"type":"cond-expr","locations":[{"start":{"line":105,"column":30},"end":{"line":105,"column":50}},{"start":{"line":105,"column":53},"end":{"line":105,"column":55}}]}},"s":{"0":0,"1":0,"2":0,"3":0,"4":0,"5":0,"6":0,"7":0},"f":{"0":0,"1":0},"b":{"0":[0,0],"1":[0,0],"2":[0,0],"3":[0,0],"4":[0,0],"5":[0,0]}}
,"C:\\Users\\albin\\dev1112\\stellar-burgers\\src\\components\\ui\\burger-constructor-element\\burger-constructor-element.tsx": {"path":"C:\\Users\\albin\\dev1112\\stellar-burgers\\src\\components\\ui\\burger-constructor-element\\burger-constructor-element.tsx","statementMap":{"0":{"start":{"line":1,"column":0},"end":{"line":1,"column":40}},"1":{"start":{"line":2,"column":0},"end":{"line":2,"column":61}},"2":{"start":{"line":3,"column":0},"end":{"line":3,"column":81}},"3":{"start":{"line":5,"column":0},"end":{"line":5,"column":73}},"4":{"start":{"line":7,"column":13},"end":{"line":34,"column":4}},"5":{"start":{"line":17,"column":6},"end":{"line":31,"column":null}}},"fnMap":{"0":{"name":"(anonymous_1)","decl":{"start":{"line":9,"column":4},"end":{"line":9,"column":5}},"loc":{"start":{"line":17,"column":6},"end":{"line":31,"column":null}}}},"branchMap":{},"s":{"0":0,"1":0,"2":0,"3":0,"4":0,"5":0},"f":{"0":0},"b":{}}
,"C:\\Users\\albin\\dev1112\\stellar-burgers\\src\\components\\ui\\burger-ingredient\\burger-ingredient.tsx": {"path":"C:\\Users\\albin\\dev1112\\stellar-burgers\\src\\components\\ui\\burger-ingredient\\burger-ingredient.tsx","statementMap":{"0":{"start":{"line":1,"column":0},"end":{"line":1,"column":40}},"1":{"start":{"line":2,"column":0},"end":{"line":2,"column":40}},"2":{"start":{"line":3,"column":0},"end":{"line":3,"column":52}},"3":{"start":{"line":5,"column":0},"end":{"line":5,"column":null}},"4":{"start":{"line":13,"column":13},"end":{"line":41,"column":2}},"5":{"start":{"line":14,"column":48},"end":{"line":14,"column":53}},"6":{"start":{"line":14,"column":58},"end":{"line":14,"column":62}},"7":{"start":{"line":15,"column":40},"end":{"line":15,"column":50}},"8":{"start":{"line":17,"column":4},"end":{"line":39,"column":6}}},"fnMap":{"0":{"name":"(anonymous_2)","decl":{"start":{"line":14,"column":2},"end":{"line":14,"column":3}},"loc":{"start":{"line":14,"column":64},"end":{"line":40,"column":3}}}},"branchMap":{"0":{"loc":{"start":{"line":24,"column":11},"end":{"line":24,"column":45}},"type":"binary-expr","locations":[{"start":{"line":24,"column":11},"end":{"line":24,"column":16}},{"start":{"line":24,"column":20},"end":{"line":24,"column":45}}]}},"s":{"0":0,"1":0,"2":0,"3":0,"4":0,"5":0,"6":0,"7":0,"8":0},"f":{"0":0},"b":{"0":[0,0]}}
,"C:\\Users\\albin\\dev1112\\stellar-burgers\\src\\components\\ui\\burger-ingredients\\burger-ingredients.tsx": {"path":"C:\\Users\\albin\\dev1112\\stellar-burgers\\src\\components\\ui\\burger-ingredients\\burger-ingredients.tsx","statementMap":{"0":{"start":{"line":1,"column":0},"end":{"line":1,"column":40}},"1":{"start":{"line":2,"column":0},"end":{"line":2,"column":66}},"2":{"start":{"line":4,"column":0},"end":{"line":4,"column":53}},"3":{"start":{"line":6,"column":0},"end":{"line":6,"column":50}},"4":{"start":{"line":8,"column":13},"end":{"line":68,"column":2}},"5":{"start":{"line":22,"column":4},"end":{"line":65,"column":null}}},"fnMap":{"0":{"name":"(anonymous_1)","decl":{"start":{"line":9,"column":2},"end":{"line":9,"column":3}},"loc":{"start":{"line":22,"column":4},"end":{"line":65,"column":null}}}},"branchMap":{},"s":{"0":0,"1":0,"2":0,"3":0,"4":0,"5":0},"f":{"0":0},"b":{}}
,"C:\\Users\\albin\\dev1112\\stellar-burgers\\src\\components\\ui\\feed-info\\feed-info.tsx": {"path":"C:\\Users\\albin\\dev1112\\stellar-burgers\\src\\components\\ui\\feed-info\\feed-info.tsx","statementMap":{"0":{"start":{"line":1,"column":0},"end":{"line":1,"column":40}},"1":{"start":{"line":3,"column":0},"end":{"line":3,"column":44}},"2":{"start":{"line":7,"column":13},"end":{"line":26,"column":2}},"3":{"start":{"line":9,"column":34},"end":{"line":9,"column":38}},"4":{"start":{"line":11,"column":4},"end":{"line":24,"column":6}},"5":{"start":{"line":28,"column":40},"end":{"line":42,"column":null}},"6":{"start":{"line":29,"column":2},"end":{"line":41,"column":null}},"7":{"start":{"line":33,"column":8},"end":{"line":36,"column":null}},"8":{"start":{"line":45,"column":33},"end":{"line":51,"column":null}},"9":{"start":{"line":46,"column":2},"end":{"line":50,"column":null}}},"fnMap":{"0":{"name":"(anonymous_1)","decl":{"start":{"line":8,"column":2},"end":{"line":8,"column":3}},"loc":{"start":{"line":8,"column":43},"end":{"line":25,"column":3}}},"1":{"name":"(anonymous_2)","decl":{"start":{"line":28,"column":40},"end":{"line":28,"column":41}},"loc":{"start":{"line":29,"column":2},"end":{"line":41,"column":null}}},"2":{"name":"(anonymous_3)","decl":{"start":{"line":32,"column":18},"end":{"line":32,"column":19}},"loc":{"start":{"line":33,"column":8},"end":{"line":36,"column":null}}},"3":{"name":"(anonymous_4)","decl":{"start":{"line":45,"column":33},"end":{"line":45,"column":34}},"loc":{"start":{"line":46,"column":2},"end":{"line":50,"column":null}}}},"branchMap":{"0":{"loc":{"start":{"line":35,"column":26},"end":{"line":35,"column":70}},"type":"cond-expr","locations":[{"start":{"line":35,"column":49},"end":{"line":35,"column":58}},{"start":{"line":35,"column":61},"end":{"line":35,"column":70}}]}},"s":{"0":0,"1":0,"2":0,"3":0,"4":0,"5":0,"6":0,"7":0,"8":0,"9":0},"f":{"0":0,"1":0,"2":0,"3":0},"b":{"0":[0,0]}}
,"C:\\Users\\albin\\dev1112\\stellar-burgers\\src\\components\\ui\\ingredient-details\\ingredient-details.tsx": {"path":"C:\\Users\\albin\\dev1112\\stellar-burgers\\src\\components\\ui\\ingredient-details\\ingredient-details.tsx","statementMap":{"0":{"start":{"line":1,"column":0},"end":{"line":1,"column":40}},"1":{"start":{"line":2,"column":0},"end":{"line":2,"column":53}},"2":{"start":{"line":5,"column":13},"end":{"line":39,"column":2}},"3":{"start":{"line":8,"column":6},"end":{"line":8,"column":20}},"4":{"start":{"line":10,"column":4},"end":{"line":37,"column":6}}},"fnMap":{"0":{"name":"(anonymous_1)","decl":{"start":{"line":6,"column":2},"end":{"line":6,"column":3}},"loc":{"start":{"line":6,"column":25},"end":{"line":38,"column":3}}}},"branchMap":{},"s":{"0":0,"1":0,"2":0,"3":0,"4":0},"f":{"0":0},"b":{}}
,"C:\\Users\\albin\\dev1112\\stellar-burgers\\src\\components\\ui\\ingredients-category\\ingredients-category.tsx": {"path":"C:\\Users\\albin\\dev1112\\stellar-burgers\\src\\components\\ui\\ingredients-category\\ingredients-category.tsx","statementMap":{"0":{"start":{"line":1,"column":0},"end":{"line":1,"column":55}},"1":{"start":{"line":2,"column":0},"end":{"line":2,"column":35}},"2":{"start":{"line":4,"column":0},"end":{"line":4,"column":47}},"3":{"start":{"line":6,"column":13},"end":{"line":24,"column":3}},"4":{"start":{"line":10,"column":2},"end":{"line":22,"column":null}},"5":{"start":{"line":16,"column":8},"end":{"line":18,"column":null}}},"fnMap":{"0":{"name":"(anonymous_1)","decl":{"start":{"line":9,"column":2},"end":{"line":9,"column":3}},"loc":{"start":{"line":10,"column":2},"end":{"line":22,"column":null}}},"1":{"name":"(anonymous_2)","decl":{"start":{"line":15,"column":23},"end":{"line":15,"column":24}},"loc":{"start":{"line":16,"column":8},"end":{"line":18,"column":null}}}},"branchMap":{},"s":{"0":0,"1":0,"2":0,"3":0,"4":0,"5":0},"f":{"0":0,"1":0},"b":{}}
,"C:\\Users\\albin\\dev1112\\stellar-burgers\\src\\components\\ui\\modal\\modal.tsx": {"path":"C:\\Users\\albin\\dev1112\\stellar-burgers\\src\\components\\ui\\modal\\modal.tsx","statementMap":{"0":{"start":{"line":1,"column":0},"end":{"line":1,"column":33}},"1":{"start":{"line":3,"column":0},"end":{"line":3,"column":40}},"2":{"start":{"line":5,"column":0},"end":{"line":5,"column":72}},"3":{"start":{"line":7,"column":0},"end":{"line":7,"column":37}},"4":{"start":{"line":9,"column":13},"end":{"line":31,"column":2}},"5":{"start":{"line":11,"column":4},"end":{"line":28,"column":null}}},"fnMap":{"0":{"name":"(anonymous_1)","decl":{"start":{"line":10,"column":2},"end":{"line":10,"column":3}},"loc":{"start":{"line":11,"column":4},"end":{"line":28,"column":null}}}},"branchMap":{},"s":{"0":0,"1":0,"2":0,"3":0,"4":0,"5":0},"f":{"0":0},"b":{}}
,"C:\\Users\\albin\\dev1112\\stellar-burgers\\src\\components\\ui\\modal-overlay\\modal-overlay.tsx": {"path":"C:\\Users\\albin\\dev1112\\stellar-burgers\\src\\components\\ui\\modal-overlay\\modal-overlay.tsx","statementMap":{"0":{"start":{"line":1,"column":0},"end":{"line":1,"column":48}},"1":{"start":{"line":3,"column":30},"end":{"line":4,"column":null}},"2":{"start":{"line":4,"column":2},"end":{"line":4,"column":54}},"3":{"start":{"line":3,"column":13},"end":{"line":3,"column":30}}},"fnMap":{"0":{"name":"(anonymous_1)","decl":{"start":{"line":3,"column":30},"end":{"line":3,"column":31}},"loc":{"start":{"line":4,"column":2},"end":{"line":4,"column":54}}}},"branchMap":{},"s":{"0":0,"1":0,"2":0,"3":0},"f":{"0":0},"b":{}}
,"C:\\Users\\albin\\dev1112\\stellar-burgers\\src\\components\\ui\\order-card\\order-card.tsx": {"path":"C:\\Users\\albin\\dev1112\\stellar-burgers\\src\\components\\ui\\order-card\\order-card.tsx","statementMap":{"0":{"start":{"line":1,"column":0},"end":{"line":1,"column":40}},"1":{"start":{"line":2,"column":0},"end":{"line":2,"column":53}},"2":{"start":{"line":3,"column":0},"end":{"line":3,"column":null}},"3":{"start":{"line":8,"column":0},"end":{"line":8,"column":45}},"4":{"start":{"line":11,"column":0},"end":{"line":11,"column":42}},"5":{"start":{"line":13,"column":13},"end":{"line":83,"column":2}},"6":{"start":{"line":15,"column":21},"end":{"line":15,"column":34}},"7":{"start":{"line":17,"column":4},"end":{"line":81,"column":6}},"8":{"start":{"line":41,"column":27},"end":{"line":41,"column":49}},"9":{"start":{"line":42,"column":26},"end":{"line":42,"column":36}},"10":{"start":{"line":43,"column":14},"end":{"line":68,"column":16}}},"fnMap":{"0":{"name":"(anonymous_1)","decl":{"start":{"line":14,"column":2},"end":{"line":14,"column":3}},"loc":{"start":{"line":14,"column":51},"end":{"line":82,"column":3}}},"1":{"name":"(anonymous_2)","decl":{"start":{"line":40,"column":45},"end":{"line":40,"column":46}},"loc":{"start":{"line":40,"column":67},"end":{"line":69,"column":13}}}},"branchMap":{"0":{"loc":{"start":{"line":35,"column":9},"end":{"line":36,"column":null}},"type":"binary-expr","locations":[{"start":{"line":35,"column":9},"end":{"line":35,"column":48}},{"start":{"line":36,"column":10},"end":{"line":36,"column":51}}]},"1":{"loc":{"start":{"line":52,"column":24},"end":{"line":54,"column":31}},"type":"cond-expr","locations":[{"start":{"line":53,"column":28},"end":{"line":53,"column":33}},{"start":{"line":54,"column":28},"end":{"line":54,"column":31}}]},"2":{"loc":{"start":{"line":52,"column":24},"end":{"line":52,"column":73}},"type":"binary-expr","locations":[{"start":{"line":52,"column":24},"end":{"line":52,"column":41}},{"start":{"line":52,"column":45},"end":{"line":52,"column":73}}]},"3":{"loc":{"start":{"line":60,"column":19},"end":{"line":66,"column":26}},"type":"cond-expr","locations":[{"start":{"line":61,"column":20},"end":{"line":64,"column":null}},{"start":{"line":66,"column":22},"end":{"line":66,"column":26}}]},"4":{"loc":{"start":{"line":64,"column":23},"end":{"line":64,"column":77}},"type":"cond-expr","locations":[{"start":{"line":64,"column":47},"end":{"line":64,"column":70}},{"start":{"line":64,"column":73},"end":{"line":64,"column":77}}]}},"s":{"0":0,"1":0,"2":0,"3":0,"4":0,"5":0,"6":0,"7":0,"8":0,"9":0,"10":0},"f":{"0":0,"1":0},"b":{"0":[0,0],"1":[0,0],"2":[0,0],"3":[0,0],"4":[0,0]}}
,"C:\\Users\\albin\\dev1112\\stellar-burgers\\src\\components\\ui\\order-details\\order-details.tsx": {"path":"C:\\Users\\albin\\dev1112\\stellar-burgers\\src\\components\\ui\\order-details\\order-details.tsx","statementMap":{"0":{"start":{"line":2,"column":0},"end":{"line":2,"column":48}},"1":{"start":{"line":3,"column":0},"end":{"line":3,"column":47}},"2":{"start":{"line":6,"column":61},"end":{"line":25,"column":null}},"3":{"start":{"line":9,"column":2},"end":{"line":24,"column":null}},"4":{"start":{"line":6,"column":13},"end":{"line":6,"column":61}}},"fnMap":{"0":{"name":"(anonymous_1)","decl":{"start":{"line":6,"column":61},"end":{"line":6,"column":62}},"loc":{"start":{"line":9,"column":2},"end":{"line":24,"column":null}}}},"branchMap":{},"s":{"0":0,"1":0,"2":0,"3":0,"4":0},"f":{"0":0},"b":{}}
,"C:\\Users\\albin\\dev1112\\stellar-burgers\\src\\components\\ui\\order-info\\order-info.tsx": {"path":"C:\\Users\\albin\\dev1112\\stellar-burgers\\src\\components\\ui\\order-info\\order-info.tsx","statementMap":{"0":{"start":{"line":1,"column":0},"end":{"line":1,"column":40}},"1":{"start":{"line":2,"column":0},"end":{"line":2,"column":null}},"2":{"start":{"line":7,"column":0},"end":{"line":7,"column":45}},"3":{"start":{"line":10,"column":0},"end":{"line":10,"column":42}},"4":{"start":{"line":12,"column":13},"end":{"line":49,"column":3}},"5":{"start":{"line":13,"column":2},"end":{"line":47,"column":null}},"6":{"start":{"line":19,"column":8},"end":{"line":19,"column":null}}},"fnMap":{"0":{"name":"(anonymous_1)","decl":{"start":{"line":12,"column":54},"end":{"line":12,"column":55}},"loc":{"start":{"line":13,"column":2},"end":{"line":47,"column":null}}},"1":{"name":"(anonymous_2)","decl":{"start":{"line":18,"column":52},"end":{"line":18,"column":53}},"loc":{"start":{"line":19,"column":8},"end":{"line":19,"column":null}}}},"branchMap":{},"s":{"0":0,"1":0,"2":0,"3":0,"4":0,"5":0,"6":0},"f":{"0":0,"1":0},"b":{}}
,"C:\\Users\\albin\\dev1112\\stellar-burgers\\src\\components\\ui\\order-status\\order-status.tsx": {"path":"C:\\Users\\albin\\dev1112\\stellar-burgers\\src\\components\\ui\\order-status\\order-status.tsx","statementMap":{"0":{"start":{"line":4,"column":53},"end":{"line":18,"column":null}},"1":{"start":{"line":5,"column":2},"end":{"line":17,"column":null}},"2":{"start":{"line":4,"column":13},"end":{"line":4,"column":53}}},"fnMap":{"0":{"name":"(anonymous_0)","decl":{"start":{"line":4,"column":53},"end":{"line":4,"column":54}},"loc":{"start":{"line":5,"column":2},"end":{"line":17,"column":null}}}},"branchMap":{},"s":{"0":0,"1":0,"2":0},"f":{"0":0},"b":{}}
,"C:\\Users\\albin\\dev1112\\stellar-burgers\\src\\components\\ui\\orders-list\\orders-list.tsx": {"path":"C:\\Users\\albin\\dev1112\\stellar-burgers\\src\\components\\ui\\orders-list\\orders-list.tsx","statementMap":{"0":{"start":{"line":3,"column":0},"end":{"line":3,"column":46}},"1":{"start":{"line":6,"column":0},"end":{"line":6,"column":40}},"2":{"start":{"line":8,"column":51},"end":{"line":13,"column":null}},"3":{"start":{"line":9,"column":2},"end":{"line":12,"column":null}},"4":{"start":{"line":11,"column":6},"end":{"line":11,"column":49}},"5":{"start":{"line":8,"column":13},"end":{"line":8,"column":51}}},"fnMap":{"0":{"name":"(anonymous_1)","decl":{"start":{"line":8,"column":51},"end":{"line":8,"column":52}},"loc":{"start":{"line":9,"column":2},"end":{"line":12,"column":null}}},"1":{"name":"(anonymous_2)","decl":{"start":{"line":10,"column":21},"end":{"line":10,"column":22}},"loc":{"start":{"line":11,"column":6},"end":{"line":11,"column":49}}}},"branchMap":{},"s":{"0":0,"1":0,"2":0,"3":0,"4":0,"5":0},"f":{"0":0,"1":0},"b":{}}
,"C:\\Users\\albin\\dev1112\\stellar-burgers\\src\\components\\ui\\pages\\constructor-page\\constructor-page.tsx": {"path":"C:\\Users\\albin\\dev1112\\stellar-burgers\\src\\components\\ui\\pages\\constructor-page\\constructor-page.tsx","statementMap":{"0":{"start":{"line":3,"column":0},"end":{"line":3,"column":51}},"1":{"start":{"line":6,"column":0},"end":{"line":6,"column":32}},"2":{"start":{"line":7,"column":0},"end":{"line":7,"column":67}},"3":{"start":{"line":9,"column":61},"end":{"line":28,"column":null}},"4":{"start":{"line":12,"column":2},"end":{"line":27,"column":null}},"5":{"start":{"line":9,"column":13},"end":{"line":9,"column":61}}},"fnMap":{"0":{"name":"(anonymous_1)","decl":{"start":{"line":9,"column":61},"end":{"line":9,"column":62}},"loc":{"start":{"line":12,"column":2},"end":{"line":27,"column":null}}}},"branchMap":{"0":{"loc":{"start":{"line":13,"column":5},"end":{"line":26,"column":null}},"type":"cond-expr","locations":[{"start":{"line":14,"column":6},"end":{"line":14,"column":19}},{"start":{"line":16,"column":6},"end":{"line":25,"column":null}}]}},"s":{"0":0,"1":0,"2":0,"3":0,"4":0,"5":0},"f":{"0":0},"b":{"0":[0,0]}}
,"C:\\Users\\albin\\dev1112\\stellar-burgers\\src\\components\\ui\\pages\\feed\\feed.tsx": {"path":"C:\\Users\\albin\\dev1112\\stellar-burgers\\src\\components\\ui\\pages\\feed\\feed.tsx","statementMap":{"0":{"start":{"line":1,"column":0},"end":{"line":1,"column":33}},"1":{"start":{"line":3,"column":0},"end":{"line":3,"column":39}},"2":{"start":{"line":6,"column":0},"end":{"line":6,"column":51}},"3":{"start":{"line":7,"column":0},"end":{"line":7,"column":76}},"4":{"start":{"line":9,"column":13},"end":{"line":30,"column":3}},"5":{"start":{"line":10,"column":2},"end":{"line":28,"column":null}}},"fnMap":{"0":{"name":"(anonymous_1)","decl":{"start":{"line":9,"column":44},"end":{"line":9,"column":45}},"loc":{"start":{"line":10,"column":2},"end":{"line":28,"column":null}}}},"branchMap":{},"s":{"0":0,"1":0,"2":0,"3":0,"4":0,"5":0},"f":{"0":0},"b":{}}
,"C:\\Users\\albin\\dev1112\\stellar-burgers\\src\\components\\ui\\pages\\forgot-password\\forgot-password.tsx": {"path":"C:\\Users\\albin\\dev1112\\stellar-burgers\\src\\components\\ui\\pages\\forgot-password\\forgot-password.tsx","statementMap":{"0":{"start":{"line":3,"column":0},"end":{"line":3,"column":76}},"1":{"start":{"line":4,"column":0},"end":{"line":4,"column":42}},"2":{"start":{"line":5,"column":0},"end":{"line":5,"column":40}},"3":{"start":{"line":8,"column":49},"end":{"line":52,"column":null}},"4":{"start":{"line":14,"column":2},"end":{"line":51,"column":null}},"5":{"start":{"line":26,"column":29},"end":{"line":26,"column":53}},"6":{"start":{"line":8,"column":13},"end":{"line":8,"column":49}}},"fnMap":{"0":{"name":"(anonymous_1)","decl":{"start":{"line":8,"column":49},"end":{"line":8,"column":50}},"loc":{"start":{"line":14,"column":2},"end":{"line":51,"column":null}}},"1":{"name":"(anonymous_2)","decl":{"start":{"line":26,"column":22},"end":{"line":26,"column":23}},"loc":{"start":{"line":26,"column":29},"end":{"line":26,"column":53}}}},"branchMap":{"0":{"loc":{"start":{"line":39,"column":9},"end":{"line":42,"column":null}},"type":"binary-expr","locations":[{"start":{"line":39,"column":9},"end":{"line":39,"column":18}},{"start":{"line":40,"column":10},"end":{"line":41,"column":null}}]}},"s":{"0":0,"1":0,"2":0,"3":0,"4":0,"5":0,"6":0},"f":{"0":0,"1":0},"b":{"0":[0,0]}}
,"C:\\Users\\albin\\dev1112\\stellar-burgers\\src\\components\\ui\\pages\\login\\login.tsx": {"path":"C:\\Users\\albin\\dev1112\\stellar-burgers\\src\\components\\ui\\pages\\login\\login.tsx","statementMap":{"0":{"start":{"line":2,"column":0},"end":{"line":2,"column":null}},"1":{"start":{"line":7,"column":0},"end":{"line":7,"column":42}},"2":{"start":{"line":8,"column":0},"end":{"line":8,"column":40}},"3":{"start":{"line":11,"column":41},"end":{"line":72,"column":null}},"4":{"start":{"line":19,"column":2},"end":{"line":71,"column":null}},"5":{"start":{"line":32,"column":31},"end":{"line":32,"column":55}},"6":{"start":{"line":42,"column":31},"end":{"line":42,"column":58}},"7":{"start":{"line":11,"column":13},"end":{"line":11,"column":41}}},"fnMap":{"0":{"name":"(anonymous_1)","decl":{"start":{"line":11,"column":41},"end":{"line":11,"column":42}},"loc":{"start":{"line":19,"column":2},"end":{"line":71,"column":null}}},"1":{"name":"(anonymous_2)","decl":{"start":{"line":32,"column":24},"end":{"line":32,"column":25}},"loc":{"start":{"line":32,"column":31},"end":{"line":32,"column":55}}},"2":{"name":"(anonymous_3)","decl":{"start":{"line":42,"column":24},"end":{"line":42,"column":25}},"loc":{"start":{"line":42,"column":31},"end":{"line":42,"column":58}}}},"branchMap":{"0":{"loc":{"start":{"line":52,"column":11},"end":{"line":55,"column":null}},"type":"binary-expr","locations":[{"start":{"line":52,"column":11},"end":{"line":52,"column":20}},{"start":{"line":53,"column":12},"end":{"line":54,"column":null}}]}},"s":{"0":0,"1":0,"2":0,"3":0,"4":0,"5":0,"6":0,"7":0},"f":{"0":0,"1":0,"2":0},"b":{"0":[0,0]}}
,"C:\\Users\\albin\\dev1112\\stellar-burgers\\src\\components\\ui\\pages\\profile\\profile.tsx": {"path":"C:\\Users\\albin\\dev1112\\stellar-burgers\\src\\components\\ui\\pages\\profile\\profile.tsx","statementMap":{"0":{"start":{"line":3,"column":0},"end":{"line":3,"column":76}},"1":{"start":{"line":4,"column":0},"end":{"line":4,"column":42}},"2":{"start":{"line":5,"column":0},"end":{"line":5,"column":48}},"3":{"start":{"line":8,"column":0},"end":{"line":8,"column":42}},"4":{"start":{"line":10,"column":45},"end":{"line":90,"column":null}},"5":{"start":{"line":18,"column":2},"end":{"line":89,"column":null}},"6":{"start":{"line":10,"column":13},"end":{"line":10,"column":45}}},"fnMap":{"0":{"name":"(anonymous_1)","decl":{"start":{"line":10,"column":45},"end":{"line":10,"column":46}},"loc":{"start":{"line":18,"column":2},"end":{"line":89,"column":null}}}},"branchMap":{"0":{"loc":{"start":{"line":66,"column":9},"end":{"line":79,"column":null}},"type":"binary-expr","locations":[{"start":{"line":66,"column":9},"end":{"line":66,"column":22}},{"start":{"line":67,"column":10},"end":{"line":78,"column":null}}]},"1":{"loc":{"start":{"line":81,"column":9},"end":{"line":86,"column":null}},"type":"binary-expr","locations":[{"start":{"line":81,"column":9},"end":{"line":81,"column":24}},{"start":{"line":82,"column":10},"end":{"line":85,"column":null}}]}},"s":{"0":0,"1":0,"2":0,"3":0,"4":0,"5":0,"6":0},"f":{"0":0},"b":{"0":[0,0],"1":[0,0]}}
[...]
ne":125,"column":30}},"53":{"start":{"line":144,"column":35},"end":{"line":150,"column":54}},"54":{"start":{"line":145,"column":2},"end":{"line":150,"column":54}},"55":{"start":{"line":150,"column":19},"end":{"line":150,"column":53}},"56":{"start":{"line":144,"column":13},"end":{"line":144,"column":35}},"57":{"start":{"line":164,"column":31},"end":{"line":176,"column":6}},"58":{"start":{"line":165,"column":2},"end":{"line":176,"column":6}},"59":{"start":{"line":172,"column":19},"end":{"line":172,"column":52}},"60":{"start":{"line":174,"column":6},"end":{"line":174,"column":37}},"61":{"start":{"line":174,"column":25},"end":{"line":174,"column":37}},"62":{"start":{"line":175,"column":6},"end":{"line":175,"column":34}},"63":{"start":{"line":164,"column":13},"end":{"line":164,"column":31}},"64":{"start":{"line":183,"column":28},"end":{"line":195,"column":6}},"65":{"start":{"line":184,"column":2},"end":{"line":195,"column":6}},"66":{"start":{"line":191,"column":19},"end":{"line":191,"column":52}},"67":{"start":{"line":193,"column":6},"end":{"line":193,"column":37}},"68":{"start":{"line":193,"column":25},"end":{"line":193,"column":37}},"69":{"start":{"line":194,"column":6},"end":{"line":194,"column":34}},"70":{"start":{"line":183,"column":13},"end":{"line":183,"column":28}},"71":{"start":{"line":197,"column":33},"end":{"line":209,"column":6}},"72":{"start":{"line":198,"column":2},"end":{"line":209,"column":6}},"73":{"start":{"line":205,"column":19},"end":{"line":205,"column":58}},"74":{"start":{"line":207,"column":6},"end":{"line":207,"column":37}},"75":{"start":{"line":207,"column":25},"end":{"line":207,"column":37}},"76":{"start":{"line":208,"column":6},"end":{"line":208,"column":34}},"77":{"start":{"line":197,"column":13},"end":{"line":197,"column":33}},"78":{"start":{"line":211,"column":32},"end":{"line":223,"column":6}},"79":{"start":{"line":212,"column":2},"end":{"line":223,"column":6}},"80":{"start":{"line":219,"column":19},"end":{"line":219,"column":58}},"81":{"start":{"line":221,"column":6},"end":{"line":221,"column":37}},"82":{"start":{"line":221,"column":25},"end":{"line":221,"column":37}},"83":{"start":{"line":222,"column":6},"end":{"line":222,"column":34}},"84":{"start":{"line":211,"column":13},"end":{"line":211,"column":32}},"85":{"start":{"line":227,"column":26},"end":{"line":232,"column":4}},"86":{"start":{"line":228,"column":2},"end":{"line":232,"column":4}},"87":{"start":{"line":227,"column":13},"end":{"line":227,"column":26}},"88":{"start":{"line":234,"column":29},"end":{"line":242,"column":4}},"89":{"start":{"line":235,"column":2},"end":{"line":242,"column":4}},"90":{"start":{"line":234,"column":13},"end":{"line":234,"column":29}},"91":{"start":{"line":244,"column":25},"end":{"line":253,"column":59}},"92":{"start":{"line":245,"column":2},"end":{"line":253,"column":59}},"93":{"start":{"line":253,"column":19},"end":{"line":253,"column":58}},"94":{"start":{"line":244,"column":13},"end":{"line":244,"column":25}}},"fnMap":{"0":{"name":"(anonymous_7)","decl":{"start":{"line":6,"column":22},"end":{"line":6,"column":26}},"loc":{"start":{"line":7,"column":2},"end":{"line":7,"column":69}}},"1":{"name":"(anonymous_8)","decl":{"start":{"line":7,"column":40},"end":{"line":7,"column":41}},"loc":{"start":{"line":7,"column":49},"end":{"line":7,"column":68}}},"2":{"name":"(anonymous_9)","decl":{"start":{"line":18,"column":28},"end":{"line":18,"column":58}},"loc":{"start":{"line":19,"column":2},"end":{"line":36,"column":6}}},"3":{"name":"(anonymous_10)","decl":{"start":{"line":28,"column":10},"end":{"line":28,"column":11}},"loc":{"start":{"line":28,"column":19},"end":{"line":28,"column":55}}},"4":{"name":"(anonymous_11)","decl":{"start":{"line":29,"column":10},"end":{"line":29,"column":11}},"loc":{"start":{"line":29,"column":26},"end":{"line":36,"column":5}}},"5":{"name":"(anonymous_12)","decl":{"start":{"line":38,"column":32},"end":{"line":38,"column":null}},"loc":{"start":{"line":41,"column":4},"end":{"line":58,"column":2}}},"6":{"name":"(anonymous_13)","decl":{"start":{"line":41,"column":4},"end":{"line":41,"column":null}},"loc":{"start":{"line":41,"column":4},"end":{"line":58,"column":1}}},"7":{"name":"(anonymous_14)","decl":{"start":{"line":74,"column":33},"end":{"line":74,"column":36}},"loc":{"start":{"line":75,"column":2},"end":{"line":80,"column":6}}},"8":{"name":"(anonymous_15)","decl":{"start":{"line":76,"column":10},"end":{"line":76,"column":11}},"loc":{"start":{"line":76,"column":19},"end":{"line":76,"column":59}}},"9":{"name":"(anonymous_16)","decl":{"start":{"line":77,"column":10},"end":{"line":77,"column":11}},"loc":{"start":{"line":77,"column":19},"end":{"line":80,"column":5}}},"10":{"name":"(anonymous_17)","decl":{"start":{"line":82,"column":27},"end":{"line":82,"column":30}},"loc":{"start":{"line":83,"column":2},"end":{"line":88,"column":6}}},"11":{"name":"(anonymous_18)","decl":{"start":{"line":84,"column":10},"end":{"line":84,"column":11}},"loc":{"start":{"line":84,"column":19},"end":{"line":84,"column":53}}},"12":{"name":"(anonymous_19)","decl":{"start":{"line":85,"column":10},"end":{"line":85,"column":11}},"loc":{"start":{"line":85,"column":19},"end":{"line":88,"column":5}}},"13":{"name":"(anonymous_20)","decl":{"start":{"line":90,"column":28},"end":{"line":90,"column":31}},"loc":{"start":{"line":91,"column":2},"end":{"line":100,"column":4}}},"14":{"name":"(anonymous_21)","decl":{"start":{"line":97,"column":10},"end":{"line":97,"column":11}},"loc":{"start":{"line":97,"column":19},"end":{"line":100,"column":3}}},"15":{"name":"(anonymous_22)","decl":{"start":{"line":125,"column":30},"end":{"line":125,"column":31}},"loc":{"start":{"line":126,"column":2},"end":{"line":138,"column":4}}},"16":{"name":"(anonymous_23)","decl":{"start":{"line":135,"column":10},"end":{"line":135,"column":11}},"loc":{"start":{"line":135,"column":19},"end":{"line":138,"column":3}}},"17":{"name":"(anonymous_24)","decl":{"start":{"line":144,"column":35},"end":{"line":144,"column":36}},"loc":{"start":{"line":145,"column":2},"end":{"line":150,"column":54}}},"18":{"name":"(anonymous_25)","decl":{"start":{"line":150,"column":10},"end":{"line":150,"column":11}},"loc":{"start":{"line":150,"column":19},"end":{"line":150,"column":53}}},"19":{"name":"(anonymous_26)","decl":{"start":{"line":164,"column":31},"end":{"line":164,"column":32}},"loc":{"start":{"line":165,"column":2},"end":{"line":176,"column":6}}},"20":{"name":"(anonymous_27)","decl":{"start":{"line":172,"column":10},"end":{"line":172,"column":11}},"loc":{"start":{"line":172,"column":19},"end":{"line":172,"column":52}}},"21":{"name":"(anonymous_28)","decl":{"start":{"line":173,"column":10},"end":{"line":173,"column":11}},"loc":{"start":{"line":173,"column":19},"end":{"line":176,"column":5}}},"22":{"name":"(anonymous_29)","decl":{"start":{"line":183,"column":28},"end":{"line":183,"column":29}},"loc":{"start":{"line":184,"column":2},"end":{"line":195,"column":6}}},"23":{"name":"(anonymous_30)","decl":{"start":{"line":191,"column":10},"end":{"line":191,"column":11}},"loc":{"start":{"line":191,"column":19},"end":{"line":191,"column":52}}},"24":{"name":"(anonymous_31)","decl":{"start":{"line":192,"column":10},"end":{"line":192,"column":11}},"loc":{"start":{"line":192,"column":19},"end":{"line":195,"column":5}}},"25":{"name":"(anonymous_32)","decl":{"start":{"line":197,"column":33},"end":{"line":197,"column":34}},"loc":{"start":{"line":198,"column":2},"end":{"line":209,"column":6}}},"26":{"name":"(anonymous_33)","decl":{"start":{"line":205,"column":10},"end":{"line":205,"column":11}},"loc":{"start":{"line":205,"column":19},"end":{"line":205,"column":58}}},"27":{"name":"(anonymous_34)","decl":{"start":{"line":206,"column":10},"end":{"line":206,"column":11}},"loc":{"start":{"line":206,"column":19},"end":{"line":209,"column":5}}},"28":{"name":"(anonymous_35)","decl":{"start":{"line":211,"column":32},"end":{"line":211,"column":33}},"loc":{"start":{"line":212,"column":2},"end":{"line":223,"column":6}}},"29":{"name":"(anonymous_36)","decl":{"start":{"line":219,"column":10},"end":{"line":219,"column":11}},"loc":{"start":{"line":219,"column":19},"end":{"line":219,"column":58}}},"30":{"name":"(anonymous_37)","decl":{"start":{"line":220,"column":10},"end":{"line":220,"column":11}},"loc":{"start":{"line":220,"column":19},"end":{"line":223,"column":5}}},"31":{"name":"(anonymous_38)","decl":{"start":{"line":227,"column":26},"end":{"line":227,"column":29}},"loc":{"start":{"line":228,"column":2},"end":{"line":232,"column":4}}},"32":{"name":"(anonymous_39)","decl":{"start":{"line":234,"column":29},"end":{"line":234,"column":30}},"loc":{"start":{"line":235,"column":2},"end":{"line":242,"column":4}}},"33":{"name":"(anonymous_40)","decl":{"start":{"line":244,"column":25},"end":{"line":244,"column":28}},"loc":{"start":{"line":245,"column":2},"end":{"line":253,"column":59}}},"34":{"name":"(anonymous_41)","decl":{"start":{"line":253,"column":10},"end":{"line":253,"column":11}},"loc":{"start":{"line":253,"column":19},"end":{"line":253,"column":58}}}},"branchMap":{"0":{"loc":{"start":{"line":7,"column":2},"end":{"line":7,"column":69}},"type":"cond-expr","locations":[{"start":{"line":7,"column":11},"end":{"line":7,"column":21}},{"start":{"line":7,"column":24},"end":{"line":7,"column":69}}]},"1":{"loc":{"start":{"line":30,"column":6},"end":{"line":32,"column":7}},"type":"if","locations":[{"start":{"line":30,"column":6},"end":{"line":32,"column":7}}]},"2":{"loc":{"start":{"line":46,"column":4},"end":{"line":56,"column":5}},"type":"if","locations":[{"start":{"line":46,"column":4},"end":{"line":56,"column":5}},{"start":{"line":54,"column":11},"end":{"line":56,"column":5}}]},"3":{"loc":{"start":{"line":48,"column":6},"end":{"line":51,"column":7}},"type":"if","locations":[{"start":{"line":48,"column":6},"end":{"line":51,"column":7}}]},"4":{"loc":{"start":{"line":78,"column":6},"end":{"line":78,"column":42}},"type":"if","locations":[{"start":{"line":78,"column":6},"end":{"line":78,"column":42}}]},"5":{"loc":{"start":{"line":78,"column":10},"end":{"line":78,"column":23}},"type":"cond-expr","locations":[{"start":{"line":78,"column":14},"end":{"line":78,"column":16}},{"start":{"line":78,"column":10},"end":{"line":78,"column":23}}]},"6":{"loc":{"start":{"line":78,"column":10},"end":{"line":78,"column":16}},"type":"binary-expr","locations":[{"start":{"line":78,"column":10},"end":{"line":78,"column":16}},{"start":{"line":78,"column":10},"end":{"line":78,"column":16}}]},"7":{"loc":{"start":{"line":86,"column":6},"end":{"line":86,"column":37}},"type":"if","locations":[{"start":{"line":86,"column":6},"end":{"line":86,"column":37}}]},"8":{"loc":{"start":{"line":86,"column":10},"end":{"line":86,"column":23}},"type":"cond-expr","locations":[{"start":{"line":86,"column":14},"end":{"line":86,"column":16}},{"start":{"line":86,"column":10},"end":{"line":86,"column":23}}]},"9":{"loc":{"start":{"line":86,"column":10},"end":{"line":86,"column":16}},"type":"binary-expr","locations":[{"start":{"line":86,"column":10},"end":{"line":86,"column":16}},{"start":{"line":86,"column":10},"end":{"line":86,"column":16}}]},"10":{"loc":{"start":{"line":98,"column":4},"end":{"line":98,"column":42}},"type":"if","locations":[{"start":{"line":98,"column":4},"end":{"line":98,"column":42}}]},"11":{"loc":{"start":{"line":98,"column":8},"end":{"line":98,"column":21}},"type":"cond-expr","locations":[{"start":{"line":98,"column":12},"end":{"line":98,"column":14}},{"start":{"line":98,"column":8},"end":{"line":98,"column":21}}]},"12":{"loc":{"start":{"line":98,"column":8},"end":{"line":98,"column":14}},"type":"binary-expr","locations":[{"start":{"line":98,"column":8},"end":{"line":98,"column":14}},{"start":{"line":98,"column":8},"end":{"line":98,"column":14}}]},"13":{"loc":{"start":{"line":136,"column":4},"end":{"line":136,"column":35}},"type":"if","locations":[{"start":{"line":136,"column":4},"end":{"line":136,"column":35}}]},"14":{"loc":{"start":{"line":136,"column":8},"end":{"line":136,"column":21}},"type":"cond-expr","locations":[{"start":{"line":136,"column":12},"end":{"line":136,"column":14}},{"start":{"line":136,"column":8},"end":{"line":136,"column":21}}]},"15":{"loc":{"start":{"line":136,"column":8},"end":{"line":136,"column":14}},"type":"binary-expr","locations":[{"start":{"line":136,"column":8},"end":{"line":136,"column":14}},{"start":{"line":136,"column":8},"end":{"line":136,"column":14}}]},"16":{"loc":{"start":{"line":174,"column":6},"end":{"line":174,"column":37}},"type":"if","locations":[{"start":{"line":174,"column":6},"end":{"line":174,"column":37}}]},"17":{"loc":{"start":{"line":174,"column":10},"end":{"line":174,"column":23}},"type":"cond-expr","locations":[{"start":{"line":174,"column":14},"end":{"line":174,"column":16}},{"start":{"line":174,"column":10},"end":{"line":174,"column":23}}]},"18":{"loc":{"start":{"line":174,"column":10},"end":{"line":174,"column":16}},"type":"binary-expr","locations":[{"start":{"line":174,"column":10},"end":{"line":174,"column":16}},{"start":{"line":174,"column":10},"end":{"line":174,"column":16}}]},"19":{"loc":{"start":{"line":193,"column":6},"end":{"line":193,"column":37}},"type":"if","locations":[{"start":{"line":193,"column":6},"end":{"line":193,"column":37}}]},"20":{"loc":{"start":{"line":193,"column":10},"end":{"line":193,"column":23}},"type":"cond-expr","locations":[{"start":{"line":193,"column":14},"end":{"line":193,"column":16}},{"start":{"line":193,"column":10},"end":{"line":193,"column":23}}]},"21":{"loc":{"start":{"line":193,"column":10},"end":{"line":193,"column":16}},"type":"binary-expr","locations":[{"start":{"line":193,"column":10},"end":{"line":193,"column":16}},{"start":{"line":193,"column":10},"end":{"line":193,"column":16}}]},"22":{"loc":{"start":{"line":207,"column":6},"end":{"line":207,"column":37}},"type":"if","locations":[{"start":{"line":207,"column":6},"end":{"line":207,"column":37}}]},"23":{"loc":{"start":{"line":207,"column":10},"end":{"line":207,"column":23}},"type":"cond-expr","locations":[{"start":{"line":207,"column":14},"end":{"line":207,"column":16}},{"start":{"line":207,"column":10},"end":{"line":207,"column":23}}]},"24":{"loc":{"start":{"line":207,"column":10},"end":{"line":207,"column":16}},"type":"binary-expr","locations":[{"start":{"line":207,"column":10},"end":{"line":207,"column":16}},{"start":{"line":207,"column":10},"end":{"line":207,"column":16}}]},"25":{"loc":{"start":{"line":221,"column":6},"end":{"line":221,"column":37}},"type":"if","locations":[{"start":{"line":221,"column":6},"end":{"line":221,"column":37}}]},"26":{"loc":{"start":{"line":221,"column":10},"end":{"line":221,"column":23}},"type":"cond-expr","locations":[{"start":{"line":221,"column":14},"end":{"line":221,"column":16}},{"start":{"line":221,"column":10},"end":{"line":221,"column":23}}]},"27":{"loc":{"start":{"line":221,"column":10},"end":{"line":221,"column":16}},"type":"binary-expr","locations":[{"start":{"line":221,"column":10},"end":{"line":221,"column":16}},{"start":{"line":221,"column":10},"end":{"line":221,"column":16}}]}},"s":{"0":2,"1":2,"2":2,"3":0,"4":0,"5":2,"6":0,"7":0,"8":0,"9":0,"10":0,"11":0,"12":0,"13":2,"14":2,"15":0,"16":0,"17":0,"18":0,"19":0,"20":0,"21":0,"22":0,"23":0,"24":0,"25":0,"26":2,"27":2,"28":0,"29":0,"30":0,"31":0,"32":0,"33":2,"34":2,"35":0,"36":0,"37":0,"38":0,"39":0,"40":2,"41":2,"42":0,"43":0,"44":0,"45":0,"46":2,"47":2,"48":0,"49":0,"50":0,"51":0,"52":2,"53":2,"54":0,"55":0,"56":2,"57":2,"58":0,"59":0,"60":0,"61":0,"62":0,"63":2,"64":2,"65":0,"66":0,"67":0,"68":0,"69":0,"70":2,"71":2,"72":0,"73":0,"74":0,"75":0,"76":0,"77":2,"78":2,"79":0,"80":0,"81":0,"82":0,"83":0,"84":2,"85":2,"86":0,"87":2,"88":2,"89":0,"90":2,"91":2,"92":0,"93":0,"94":2},"f":{"0":0,"1":0,"2":0,"3":0,"4":0,"5":0,"6":0,"7":0,"8":0,"9":0,"10":0,"11":0,"12":0,"13":0,"14":0,"15":0,"16":0,"17":0,"18":0,"19":0,"20":0,"21":0,"22":0,"23":0,"24":0,"25":0,"26":0,"27":0,"28":0,"29":0,"30":0,"31":0,"32":0,"33":0,"34":0},"b":{"0":[0,0],"1":[0],"2":[0,0],"3":[0],"4":[0],"5":[0,0],"6":[0,0],"7":[0],"8":[0,0],"9":[0,0],"10":[0],"11":[0,0],"12":[0,0],"13":[0],"14":[0,0],"15":[0,0],"16":[0],"17":[0,0],"18":[0,0],"19":[0],"20":[0,0],"21":[0,0],"22":[0],"23":[0,0],"24":[0,0],"25":[0],"26":[0,0],"27":[0,0]}}
,"C:\\Users\\albin\\dev1112\\stellar-burgers\\src\\utils\\cookie.ts": {"path":"C:\\Users\\albin\\dev1112\\stellar-burgers\\src\\utils\\cookie.ts","statementMap":{"0":{"start":{"line":2,"column":18},"end":{"line":8,"column":null}},"1":{"start":{"line":10,"column":2},"end":{"line":10,"column":62}},"2":{"start":{"line":1,"column":0},"end":{"line":1,"column":16}},"3":{"start":{"line":18,"column":2},"end":{"line":21,"column":4}},"4":{"start":{"line":23,"column":12},"end":{"line":23,"column":25}},"5":{"start":{"line":24,"column":2},"end":{"line":28,"column":3}},"6":{"start":{"line":25,"column":14},"end":{"line":25,"column":24}},"7":{"start":{"line":26,"column":4},"end":{"line":26,"column":40}},"8":{"start":{"line":27,"column":4},"end":{"line":27,"column":28}},"9":{"start":{"line":30,"column":2},"end":{"line":32,"column":3}},"10":{"start":{"line":31,"column":4},"end":{"line":31,"column":38}},"11":{"start":{"line":33,"column":2},"end":{"line":33,"column":36}},"12":{"start":{"line":34,"column":22},"end":{"line":34,"column":40}},"13":{"start":{"line":35,"column":2},"end":{"line":41,"column":3}},"14":{"start":{"line":36,"column":4},"end":{"line":36,"column":37}},"15":{"start":{"line":37,"column":22},"end":{"line":37,"column":37}},"16":{"start":{"line":38,"column":4},"end":{"line":40,"column":5}},"17":{"start":{"line":39,"column":6},"end":{"line":39,"column":39}},"18":{"start":{"line":42,"column":2},"end":{"line":42,"column":34}},"19":{"start":{"line":13,"column":0},"end":{"line":13,"column":16}},"20":{"start":{"line":46,"column":2},"end":{"line":46,"column":39}},"21":{"start":{"line":45,"column":0},"end":{"line":45,"column":16}}},"fnMap":{"0":{"name":"getCookie","decl":{"start":{"line":1,"column":16},"end":{"line":1,"column":25}},"loc":{"start":{"line":1,"column":38},"end":{"line":11,"column":1}}},"1":{"name":"setCookie","decl":{"start":{"line":13,"column":16},"end":{"line":13,"column":25}},"loc":{"start":{"line":16,"column":65},"end":{"line":43,"column":1}}},"2":{"name":"deleteCookie","decl":{"start":{"line":45,"column":16},"end":{"line":45,"column":28}},"loc":{"start":{"line":45,"column":41},"end":{"line":47,"column":1}}}},"branchMap":{"0":{"loc":{"start":{"line":10,"column":9},"end":{"line":10,"column":61}},"type":"cond-expr","locations":[{"start":{"line":10,"column":19},"end":{"line":10,"column":49}},{"start":{"line":10,"column":52},"end":{"line":10,"column":61}}]},"1":{"loc":{"start":{"line":16,"column":2},"end":{"line":16,"column":65}},"type":"default-arg","locations":[{"start":{"line":16,"column":63},"end":{"line":16,"column":65}}]},"2":{"loc":{"start":{"line":24,"column":2},"end":{"line":28,"column":3}},"type":"if","locations":[{"start":{"line":24,"column":2},"end":{"line":28,"column":3}}]},"3":{"loc":{"start":{"line":24,"column":6},"end":{"line":24,"column":36}},"type":"binary-expr","locations":[{"start":{"line":24,"column":6},"end":{"line":24,"column":9}},{"start":{"line":24,"column":13},"end":{"line":24,"column":36}}]},"4":{"loc":{"start":{"line":30,"column":2},"end":{"line":32,"column":3}},"type":"if","locations":[{"start":{"line":30,"column":2},"end":{"line":32,"column":3}}]},"5":{"loc":{"start":{"line":30,"column":6},"end":{"line":30,"column":32}},"type":"binary-expr","locations":[{"start":{"line":30,"column":6},"end":{"line":30,"column":9}},{"start":{"line":30,"column":13},"end":{"line":30,"column":32}}]},"6":{"loc":{"start":{"line":38,"column":4},"end":{"line":40,"column":5}},"type":"if","locations":[{"start":{"line":38,"column":4},"end":{"line":40,"column":5}}]}},"s":{"0":0,"1":0,"2":2,"3":0,"4":0,"5":0,"6":0,"7":0,"8":0,"9":0,"10":0,"11":0,"12":0,"13":0,"14":0,"15":0,"16":0,"17":0,"18":0,"19":2,"20":0,"21":2},"f":{"0":0,"1":0,"2":0},"b":{"0":[0,0],"1":[0],"2":[0],"3":[0,0],"4":[0],"5":[0,0],"6":[0]}}
}
